runspec started at Sat Dec  5 11:22:44 2009 on "haskell"
runspec is: /home/dave/Spec2006/dvd/bin/runspec
runspec: runspec --config=fedora64.cfg --size=test --tune=base --noreportable --iterations=1 pin_c

Locating benchmarks...found 31 benchmarks in 13 benchsets.
Locating output formats: ASCII, config, CSV, flags, HTML, mail, PDF, PostScript, raw, Screen, Submission Check
Reading config file '/home/dave/Spec2006/dvd/config/fedora64.cfg'
Verbosity = 5
Action    = validate
Tune      = base
Ext       = amd64-m64-gcc42-nn
Size      = test
Machine   = default
benchmarks= 401.bzip2,403.gcc,429.mcf,433.milc,445.gobmk,456.hmmer,458.sjeng,462.libquantum,464.h264ref,470.lbm,482.sphinx3,998.specrand,999.specrand
outputs   = raw,flags,ASCII,PDF,Screen
username  = dave
Benchmarks selected: 401.bzip2, 403.gcc, 429.mcf, 433.milc, 445.gobmk, 456.hmmer, 458.sjeng, 462.libquantum, 464.h264ref, 470.lbm, 482.sphinx3, 998.specrand, 999.specrand
Compiling Binaries

------------------------------------------------------------------------
  Up to date 401.bzip2 test base amd64-m64-gcc42-nn default

------------------------------------------------------------------------
  Up to date 403.gcc test base amd64-m64-gcc42-nn default

------------------------------------------------------------------------
  Up to date 429.mcf test base amd64-m64-gcc42-nn default

------------------------------------------------------------------------
  Up to date 433.milc test base amd64-m64-gcc42-nn default

------------------------------------------------------------------------
  Up to date 445.gobmk test base amd64-m64-gcc42-nn default

------------------------------------------------------------------------
  Up to date 456.hmmer test base amd64-m64-gcc42-nn default

------------------------------------------------------------------------
  Up to date 458.sjeng test base amd64-m64-gcc42-nn default

------------------------------------------------------------------------
  Up to date 462.libquantum test base amd64-m64-gcc42-nn default

------------------------------------------------------------------------
  Up to date 464.h264ref test base amd64-m64-gcc42-nn default

------------------------------------------------------------------------
  Up to date 470.lbm test base amd64-m64-gcc42-nn default

------------------------------------------------------------------------
  Up to date 482.sphinx3 test base amd64-m64-gcc42-nn default

------------------------------------------------------------------------
  Up to date 998.specrand test base amd64-m64-gcc42-nn default

------------------------------------------------------------------------
  Up to date 999.specrand test base amd64-m64-gcc42-nn default


Parsing Flags
  Looking at 401.bzip2 base amd64-m64-gcc42-nn default: done
  Looking at 403.gcc base amd64-m64-gcc42-nn default: done
  Looking at 429.mcf base amd64-m64-gcc42-nn default: done
  Looking at 433.milc base amd64-m64-gcc42-nn default: done
  Looking at 445.gobmk base amd64-m64-gcc42-nn default: done
  Looking at 456.hmmer base amd64-m64-gcc42-nn default: done
  Looking at 458.sjeng base amd64-m64-gcc42-nn default: done
  Looking at 462.libquantum base amd64-m64-gcc42-nn default: done
  Looking at 464.h264ref base amd64-m64-gcc42-nn default: done
  Looking at 470.lbm base amd64-m64-gcc42-nn default: done
  Looking at 482.sphinx3 base amd64-m64-gcc42-nn default: done
  Looking at 998.specrand base amd64-m64-gcc42-nn default: done
  Looking at 999.specrand base amd64-m64-gcc42-nn default: done
Flag Parsing Complete

Setting Up Run Directories
  Setting up 401.bzip2 test base amd64-m64-gcc42-nn default: created (run_base_test_amd64-m64-gcc42-nn.0002)
  Setting up 403.gcc test base amd64-m64-gcc42-nn default: created (run_base_test_amd64-m64-gcc42-nn.0002)
  Setting up 429.mcf test base amd64-m64-gcc42-nn default: created (run_base_test_amd64-m64-gcc42-nn.0002)
  Setting up 433.milc test base amd64-m64-gcc42-nn default: created (run_base_test_amd64-m64-gcc42-nn.0001)
  Setting up 445.gobmk test base amd64-m64-gcc42-nn default: created (run_base_test_amd64-m64-gcc42-nn.0002)
  Setting up 456.hmmer test base amd64-m64-gcc42-nn default: created (run_base_test_amd64-m64-gcc42-nn.0002)
  Setting up 458.sjeng test base amd64-m64-gcc42-nn default: created (run_base_test_amd64-m64-gcc42-nn.0002)
  Setting up 462.libquantum test base amd64-m64-gcc42-nn default: created (run_base_test_amd64-m64-gcc42-nn.0002)
  Setting up 464.h264ref test base amd64-m64-gcc42-nn default: created (run_base_test_amd64-m64-gcc42-nn.0002)
  Setting up 470.lbm test base amd64-m64-gcc42-nn default: created (run_base_test_amd64-m64-gcc42-nn.0001)
  Setting up 482.sphinx3 test base amd64-m64-gcc42-nn default: created (run_base_test_amd64-m64-gcc42-nn.0001)
  Setting up 998.specrand test base amd64-m64-gcc42-nn default: created (run_base_test_amd64-m64-gcc42-nn.0001)
  Setting up 999.specrand test base amd64-m64-gcc42-nn default: created (run_base_test_amd64-m64-gcc42-nn.0002)

-----------------------------------
Running Benchmarks

-----------------------------------
  Running 401.bzip2 test base amd64-m64-gcc42-nn default
Commands to run: 
    -C /home/dave/Spec2006/dvd/benchspec/CPU2006/401.bzip2/run/run_base_test_amd64-m64-gcc42-nn.0002
    -o input.program.out -e input.program.err ../run_base_test_amd64-m64-gcc42-nn.0002/bzip2_base.amd64-m64-gcc42-nn input.program 5
    -o dryer.jpg.out -e dryer.jpg.err ../run_base_test_amd64-m64-gcc42-nn.0002/bzip2_base.amd64-m64-gcc42-nn dryer.jpg 2
Specinvoke: /home/dave/Spec2006/dvd/bin/specinvoke -d /home/dave/Spec2006/dvd/benchspec/CPU2006/401.bzip2/run/run_base_test_amd64-m64-gcc42-nn.0002 -e speccmds.err -o speccmds.stdout -f speccmds.cmd -C
Issuing command '/home/dave/Spec2006/dvd/bin/specinvoke -d /home/dave/Spec2006/dvd/benchspec/CPU2006/401.bzip2/run/run_base_test_amd64-m64-gcc42-nn.0002 -e speccmds.err -o speccmds.stdout -f speccmds.cmd -C'
Start command: Sat Dec  5 11:22:56 2009 (1260033776)
Stop command: Sat Dec  5 11:23:13 2009 (1260033793)
Elapsed time for command: 00:00:17 (17)
Workload elapsed time (0:1) = 3.435253 seconds
Workload elapsed time (0:2) = 5.794357 seconds
copy 0 finished @ Sat Dec  5 11:23:05 2009.  Total elapsed time: 9.22961
comparing files in '/home/dave/Spec2006/dvd/benchspec/CPU2006/401.bzip2/run/run_base_test_amd64-m64-gcc42-nn.0002'
comparing 'dryer.jpg.out' with abstol=, binary=, calctol=0, cw=, floatcompare=, ignorecase=, obiwan=, reltol=, skipabstol=, skipobiwan=, skipreltol=, skiptol=
comparing 'input.program.out' with abstol=, binary=, calctol=0, cw=, floatcompare=, ignorecase=, obiwan=, reltol=, skipabstol=, skipobiwan=, skipreltol=, skiptol=
Specinvoke: /home/dave/Spec2006/dvd/bin/specinvoke -E -d /home/dave/Spec2006/dvd/benchspec/CPU2006/401.bzip2/run/run_base_test_amd64-m64-gcc42-nn.0002 -c 1 -e compare.err -o compare.stdout -f compare.cmd
Issuing command '/home/dave/Spec2006/dvd/bin/specinvoke -E -d /home/dave/Spec2006/dvd/benchspec/CPU2006/401.bzip2/run/run_base_test_amd64-m64-gcc42-nn.0002 -c 1 -e compare.err -o compare.stdout -f compare.cmd'
Start command: Sat Dec  5 11:23:13 2009 (1260033793)
Stop command: Sat Dec  5 11:23:15 2009 (1260033795)
Elapsed time for command: 00:00:02 (2)
Benchmark Times:
  Start:    Sat Dec  5 11:22:56 2009 (1260033776)
  Stop:     Sat Dec  5 11:23:13 2009 (1260033793)
  Elapsed:  00:00:17 (17)
  Reported: 9 229736000 9.229736
 Success 401.bzip2 base test ratio=-0.00, runtime=9.229736

-----------------------------------
  Running 403.gcc test base amd64-m64-gcc42-nn default
Commands to run: 
    -C /home/dave/Spec2006/dvd/benchspec/CPU2006/403.gcc/run/run_base_test_amd64-m64-gcc42-nn.0002
    -o cccp.out -e cccp.err ../run_base_test_amd64-m64-gcc42-nn.0002/gcc_base.amd64-m64-gcc42-nn cccp.i -o cccp.s
Specinvoke: /home/dave/Spec2006/dvd/bin/specinvoke -d /home/dave/Spec2006/dvd/benchspec/CPU2006/403.gcc/run/run_base_test_amd64-m64-gcc42-nn.0002 -e speccmds.err -o speccmds.stdout -f speccmds.cmd -C
Issuing command '/home/dave/Spec2006/dvd/bin/specinvoke -d /home/dave/Spec2006/dvd/benchspec/CPU2006/403.gcc/run/run_base_test_amd64-m64-gcc42-nn.0002 -e speccmds.err -o speccmds.stdout -f speccmds.cmd -C'
Start command: Sat Dec  5 11:23:15 2009 (1260033795)
Stop command: Sat Dec  5 11:23:21 2009 (1260033801)
Elapsed time for command: 00:00:06 (6)
Workload elapsed time (0:1) = 1.97356 seconds
copy 0 finished @ Sat Dec  5 11:23:17 2009.  Total elapsed time: 1.97356
comparing files in '/home/dave/Spec2006/dvd/benchspec/CPU2006/403.gcc/run/run_base_test_amd64-m64-gcc42-nn.0002'
comparing 'cccp.s' with abstol=, binary=, calctol=0, cw=, floatcompare=, ignorecase=, obiwan=, reltol=, skipabstol=, skipobiwan=, skipreltol=, skiptol=
Specinvoke: /home/dave/Spec2006/dvd/bin/specinvoke -E -d /home/dave/Spec2006/dvd/benchspec/CPU2006/403.gcc/run/run_base_test_amd64-m64-gcc42-nn.0002 -c 1 -e compare.err -o compare.stdout -f compare.cmd
Issuing command '/home/dave/Spec2006/dvd/bin/specinvoke -E -d /home/dave/Spec2006/dvd/benchspec/CPU2006/403.gcc/run/run_base_test_amd64-m64-gcc42-nn.0002 -c 1 -e compare.err -o compare.stdout -f compare.cmd'
Start command: Sat Dec  5 11:23:21 2009 (1260033801)
Stop command: Sat Dec  5 11:23:23 2009 (1260033803)
Elapsed time for command: 00:00:02 (2)
Benchmark Times:
  Start:    Sat Dec  5 11:23:15 2009 (1260033795)
  Stop:     Sat Dec  5 11:23:21 2009 (1260033801)
  Elapsed:  00:00:06 (6)
  Reported: 1 973658000 1.973658
 Success 403.gcc base test ratio=-0.00, runtime=1.973658

-----------------------------------
  Running 429.mcf test base amd64-m64-gcc42-nn default
Commands to run: 
    -C /home/dave/Spec2006/dvd/benchspec/CPU2006/429.mcf/run/run_base_test_amd64-m64-gcc42-nn.0002
    -o inp.out -e inp.err ../run_base_test_amd64-m64-gcc42-nn.0002/mcf_base.amd64-m64-gcc42-nn inp.in
Specinvoke: /home/dave/Spec2006/dvd/bin/specinvoke -d /home/dave/Spec2006/dvd/benchspec/CPU2006/429.mcf/run/run_base_test_amd64-m64-gcc42-nn.0002 -e speccmds.err -o speccmds.stdout -f speccmds.cmd -C
Issuing command '/home/dave/Spec2006/dvd/bin/specinvoke -d /home/dave/Spec2006/dvd/benchspec/CPU2006/429.mcf/run/run_base_test_amd64-m64-gcc42-nn.0002 -e speccmds.err -o speccmds.stdout -f speccmds.cmd -C'
Start command: Sat Dec  5 11:23:23 2009 (1260033803)
Stop command: Sat Dec  5 11:23:37 2009 (1260033817)
Elapsed time for command: 00:00:14 (14)
Workload elapsed time (0:1) = 6.262117 seconds
copy 0 finished @ Sat Dec  5 11:23:29 2009.  Total elapsed time: 6.262117
comparing files in '/home/dave/Spec2006/dvd/benchspec/CPU2006/429.mcf/run/run_base_test_amd64-m64-gcc42-nn.0002'
comparing 'inp.out' with abstol=, binary=, calctol=0, cw=, floatcompare=, ignorecase=, obiwan=, reltol=, skipabstol=, skipobiwan=, skipreltol=, skiptol=
comparing 'mcf.out' with abstol=, binary=, calctol=0, cw=, floatcompare=, ignorecase=, obiwan=, reltol=, skipabstol=, skipobiwan=, skipreltol=, skiptol=
Specinvoke: /home/dave/Spec2006/dvd/bin/specinvoke -E -d /home/dave/Spec2006/dvd/benchspec/CPU2006/429.mcf/run/run_base_test_amd64-m64-gcc42-nn.0002 -c 1 -e compare.err -o compare.stdout -f compare.cmd
Issuing command '/home/dave/Spec2006/dvd/bin/specinvoke -E -d /home/dave/Spec2006/dvd/benchspec/CPU2006/429.mcf/run/run_base_test_amd64-m64-gcc42-nn.0002 -c 1 -e compare.err -o compare.stdout -f compare.cmd'
Start command: Sat Dec  5 11:23:37 2009 (1260033817)
Stop command: Sat Dec  5 11:23:40 2009 (1260033820)
Elapsed time for command: 00:00:03 (3)
Benchmark Times:
  Start:    Sat Dec  5 11:23:23 2009 (1260033803)
  Stop:     Sat Dec  5 11:23:37 2009 (1260033817)
  Elapsed:  00:00:14 (14)
  Reported: 6 262234000 6.262234
 Success 429.mcf base test ratio=-0.00, runtime=6.262234

-----------------------------------
  Running 433.milc test base amd64-m64-gcc42-nn default
Commands to run: 
    -C /home/dave/Spec2006/dvd/benchspec/CPU2006/433.milc/run/run_base_test_amd64-m64-gcc42-nn.0001
    -i su3imp.in -o su3imp.out -e su3imp.err ../run_base_test_amd64-m64-gcc42-nn.0001/milc_base.amd64-m64-gcc42-nn
Specinvoke: /home/dave/Spec2006/dvd/bin/specinvoke -d /home/dave/Spec2006/dvd/benchspec/CPU2006/433.milc/run/run_base_test_amd64-m64-gcc42-nn.0001 -e speccmds.err -o speccmds.stdout -f speccmds.cmd -C
Issuing command '/home/dave/Spec2006/dvd/bin/specinvoke -d /home/dave/Spec2006/dvd/benchspec/CPU2006/433.milc/run/run_base_test_amd64-m64-gcc42-nn.0001 -e speccmds.err -o speccmds.stdout -f speccmds.cmd -C'
Start command: Sat Dec  5 11:23:40 2009 (1260033820)
Stop command: Sat Dec  5 11:23:56 2009 (1260033836)
Elapsed time for command: 00:00:16 (16)
Workload elapsed time (0:1) = 8.717394 seconds
copy 0 finished @ Sat Dec  5 11:23:48 2009.  Total elapsed time: 8.717394
comparing files in '/home/dave/Spec2006/dvd/benchspec/CPU2006/433.milc/run/run_base_test_amd64-m64-gcc42-nn.0001'
comparing 'su3imp.out' with abstol=2e-07, binary=, calctol=0, cw=, floatcompare=, ignorecase=, obiwan=, reltol=0.0001, skipabstol=, skipobiwan=, skipreltol=, skiptol=
Specinvoke: /home/dave/Spec2006/dvd/bin/specinvoke -E -d /home/dave/Spec2006/dvd/benchspec/CPU2006/433.milc/run/run_base_test_amd64-m64-gcc42-nn.0001 -c 1 -e compare.err -o compare.stdout -f compare.cmd
Issuing command '/home/dave/Spec2006/dvd/bin/specinvoke -E -d /home/dave/Spec2006/dvd/benchspec/CPU2006/433.milc/run/run_base_test_amd64-m64-gcc42-nn.0001 -c 1 -e compare.err -o compare.stdout -f compare.cmd'
Start command: Sat Dec  5 11:23:56 2009 (1260033836)
Stop command: Sat Dec  5 11:23:59 2009 (1260033839)
Elapsed time for command: 00:00:03 (3)
Benchmark Times:
  Start:    Sat Dec  5 11:23:40 2009 (1260033820)
  Stop:     Sat Dec  5 11:23:56 2009 (1260033836)
  Elapsed:  00:00:16 (16)
  Reported: 8 717504000 8.717504
 Success 433.milc base test ratio=-0.00, runtime=8.717504

-----------------------------------
  Running 445.gobmk test base amd64-m64-gcc42-nn default
Commands to run: 
    -C /home/dave/Spec2006/dvd/benchspec/CPU2006/445.gobmk/run/run_base_test_amd64-m64-gcc42-nn.0002
    -i capture.tst -o capture.out -e capture.err ../run_base_test_amd64-m64-gcc42-nn.0002/gobmk_base.amd64-m64-gcc42-nn --quiet --mode gtp
    -i connect.tst -o connect.out -e connect.err ../run_base_test_amd64-m64-gcc42-nn.0002/gobmk_base.amd64-m64-gcc42-nn --quiet --mode gtp
    -i connect_rot.tst -o connect_rot.out -e connect_rot.err ../run_base_test_amd64-m64-gcc42-nn.0002/gobmk_base.amd64-m64-gcc42-nn --quiet --mode gtp
    -i connection.tst -o connection.out -e connection.err ../run_base_test_amd64-m64-gcc42-nn.0002/gobmk_base.amd64-m64-gcc42-nn --quiet --mode gtp
    -i connection_rot.tst -o connection_rot.out -e connection_rot.err ../run_base_test_amd64-m64-gcc42-nn.0002/gobmk_base.amd64-m64-gcc42-nn --quiet --mode gtp
    -i cutstone.tst -o cutstone.out -e cutstone.err ../run_base_test_amd64-m64-gcc42-nn.0002/gobmk_base.amd64-m64-gcc42-nn --quiet --mode gtp
    -i dniwog.tst -o dniwog.out -e dniwog.err ../run_base_test_amd64-m64-gcc42-nn.0002/gobmk_base.amd64-m64-gcc42-nn --quiet --mode gtp
Specinvoke: /home/dave/Spec2006/dvd/bin/specinvoke -d /home/dave/Spec2006/dvd/benchspec/CPU2006/445.gobmk/run/run_base_test_amd64-m64-gcc42-nn.0002 -e speccmds.err -o speccmds.stdout -f speccmds.cmd -C
Issuing command '/home/dave/Spec2006/dvd/bin/specinvoke -d /home/dave/Spec2006/dvd/benchspec/CPU2006/445.gobmk/run/run_base_test_amd64-m64-gcc42-nn.0002 -e speccmds.err -o speccmds.stdout -f speccmds.cmd -C'
Start command: Sat Dec  5 11:23:59 2009 (1260033839)
Stop command: Sat Dec  5 11:24:36 2009 (1260033876)
Elapsed time for command: 00:00:37 (37)
Workload elapsed time (0:1) = 0.314012 seconds
Workload elapsed time (0:2) = 2.151252 seconds
Workload elapsed time (0:3) = 0.090737 seconds
Workload elapsed time (0:4) = 6.972447 seconds
Workload elapsed time (0:5) = 0.096208 seconds
Workload elapsed time (0:6) = 0.418421 seconds
Workload elapsed time (0:7) = 18.957216 seconds
copy 0 finished @ Sat Dec  5 11:24:28 2009.  Total elapsed time: 29.000293
comparing files in '/home/dave/Spec2006/dvd/benchspec/CPU2006/445.gobmk/run/run_base_test_amd64-m64-gcc42-nn.0002'
comparing 'capture.out' with abstol=, binary=, calctol=0, cw=, floatcompare=, ignorecase=, obiwan=, reltol=, skipabstol=, skipobiwan=, skipreltol=, skiptol=
comparing 'connect.out' with abstol=, binary=, calctol=0, cw=, floatcompare=, ignorecase=, obiwan=, reltol=, skipabstol=, skipobiwan=, skipreltol=, skiptol=
comparing 'connect_rot.out' with abstol=, binary=, calctol=0, cw=, floatcompare=, ignorecase=, obiwan=, reltol=, skipabstol=, skipobiwan=, skipreltol=, skiptol=
comparing 'connection.out' with abstol=, binary=, calctol=0, cw=, floatcompare=, ignorecase=, obiwan=, reltol=, skipabstol=, skipobiwan=, skipreltol=, skiptol=
comparing 'connection_rot.out' with abstol=, binary=, calctol=0, cw=, floatcompare=, ignorecase=, obiwan=, reltol=, skipabstol=, skipobiwan=, skipreltol=, skiptol=
comparing 'cutstone.out' with abstol=, binary=, calctol=0, cw=, floatcompare=, ignorecase=, obiwan=, reltol=, skipabstol=, skipobiwan=, skipreltol=, skiptol=
comparing 'dniwog.out' with abstol=, binary=, calctol=0, cw=, floatcompare=, ignorecase=, obiwan=, reltol=, skipabstol=, skipobiwan=, skipreltol=, skiptol=
Specinvoke: /home/dave/Spec2006/dvd/bin/specinvoke -E -d /home/dave/Spec2006/dvd/benchspec/CPU2006/445.gobmk/run/run_base_test_amd64-m64-gcc42-nn.0002 -c 1 -e compare.err -o compare.stdout -f compare.cmd
Issuing command '/home/dave/Spec2006/dvd/bin/specinvoke -E -d /home/dave/Spec2006/dvd/benchspec/CPU2006/445.gobmk/run/run_base_test_amd64-m64-gcc42-nn.0002 -c 1 -e compare.err -o compare.stdout -f compare.cmd'
Start command: Sat Dec  5 11:24:36 2009 (1260033876)
Stop command: Sat Dec  5 11:24:39 2009 (1260033879)
Elapsed time for command: 00:00:03 (3)
Benchmark Times:
  Start:    Sat Dec  5 11:23:59 2009 (1260033839)
  Stop:     Sat Dec  5 11:24:36 2009 (1260033876)
  Elapsed:  00:00:37 (37)
  Reported: 29 504000 29.000504
 Success 445.gobmk base test ratio=-0.00, runtime=29.000504

-----------------------------------
  Running 456.hmmer test base amd64-m64-gcc42-nn default
Commands to run: 
    -C /home/dave/Spec2006/dvd/benchspec/CPU2006/456.hmmer/run/run_base_test_amd64-m64-gcc42-nn.0002
    -o bombesin.out -e bombesin.err ../run_base_test_amd64-m64-gcc42-nn.0002/hmmer_base.amd64-m64-gcc42-nn --fixed 0 --mean 325 --num 45000 --sd 200 --seed 0 bombesin.hmm
Specinvoke: /home/dave/Spec2006/dvd/bin/specinvoke -d /home/dave/Spec2006/dvd/benchspec/CPU2006/456.hmmer/run/run_base_test_amd64-m64-gcc42-nn.0002 -e speccmds.err -o speccmds.stdout -f speccmds.cmd -C
Issuing command '/home/dave/Spec2006/dvd/bin/specinvoke -d /home/dave/Spec2006/dvd/benchspec/CPU2006/456.hmmer/run/run_base_test_amd64-m64-gcc42-nn.0002 -e speccmds.err -o speccmds.stdout -f speccmds.cmd -C'
Start command: Sat Dec  5 11:24:39 2009 (1260033879)
Stop command: Sat Dec  5 11:24:51 2009 (1260033891)
Elapsed time for command: 00:00:12 (12)
Workload elapsed time (0:1) = 4.526732 seconds
copy 0 finished @ Sat Dec  5 11:24:43 2009.  Total elapsed time: 4.526732
comparing files in '/home/dave/Spec2006/dvd/benchspec/CPU2006/456.hmmer/run/run_base_test_amd64-m64-gcc42-nn.0002'
comparing 'bombesin.out' with abstol=1e-05, binary=, calctol=0, cw=, floatcompare=, ignorecase=, obiwan=, reltol=0.002, skipabstol=, skipobiwan=, skipreltol=, skiptol=10
Specinvoke: /home/dave/Spec2006/dvd/bin/specinvoke -E -d /home/dave/Spec2006/dvd/benchspec/CPU2006/456.hmmer/run/run_base_test_amd64-m64-gcc42-nn.0002 -c 1 -e compare.err -o compare.stdout -f compare.cmd
Issuing command '/home/dave/Spec2006/dvd/bin/specinvoke -E -d /home/dave/Spec2006/dvd/benchspec/CPU2006/456.hmmer/run/run_base_test_amd64-m64-gcc42-nn.0002 -c 1 -e compare.err -o compare.stdout -f compare.cmd'
Start command: Sat Dec  5 11:24:51 2009 (1260033891)
Stop command: Sat Dec  5 11:24:53 2009 (1260033893)
Elapsed time for command: 00:00:02 (2)
Benchmark Times:
  Start:    Sat Dec  5 11:24:39 2009 (1260033879)
  Stop:     Sat Dec  5 11:24:51 2009 (1260033891)
  Elapsed:  00:00:12 (12)
  Reported: 4 526819000 4.526819
 Success 456.hmmer base test ratio=-0.00, runtime=4.526819

-----------------------------------
  Running 458.sjeng test base amd64-m64-gcc42-nn default
Commands to run: 
    -C /home/dave/Spec2006/dvd/benchspec/CPU2006/458.sjeng/run/run_base_test_amd64-m64-gcc42-nn.0002
    -o test.out -e test.err ../run_base_test_amd64-m64-gcc42-nn.0002/sjeng_base.amd64-m64-gcc42-nn test.txt
Specinvoke: /home/dave/Spec2006/dvd/bin/specinvoke -d /home/dave/Spec2006/dvd/benchspec/CPU2006/458.sjeng/run/run_base_test_amd64-m64-gcc42-nn.0002 -e speccmds.err -o speccmds.stdout -f speccmds.cmd -C
Issuing command '/home/dave/Spec2006/dvd/bin/specinvoke -d /home/dave/Spec2006/dvd/benchspec/CPU2006/458.sjeng/run/run_base_test_amd64-m64-gcc42-nn.0002 -e speccmds.err -o speccmds.stdout -f speccmds.cmd -C'
Start command: Sat Dec  5 11:24:53 2009 (1260033893)
Stop command: Sat Dec  5 11:25:08 2009 (1260033908)
Elapsed time for command: 00:00:15 (15)
Workload elapsed time (0:1) = 6.311779 seconds
copy 0 finished @ Sat Dec  5 11:25:00 2009.  Total elapsed time: 6.311779
comparing files in '/home/dave/Spec2006/dvd/benchspec/CPU2006/458.sjeng/run/run_base_test_amd64-m64-gcc42-nn.0002'
comparing 'test.out' with abstol=, binary=, calctol=0, cw=, floatcompare=, ignorecase=, obiwan=, reltol=, skipabstol=, skipobiwan=, skipreltol=, skiptol=
Specinvoke: /home/dave/Spec2006/dvd/bin/specinvoke -E -d /home/dave/Spec2006/dvd/benchspec/CPU2006/458.sjeng/run/run_base_test_amd64-m64-gcc42-nn.0002 -c 1 -e compare.err -o compare.stdout -f compare.cmd
Issuing command '/home/dave/Spec2006/dvd/bin/specinvoke -E -d /home/dave/Spec2006/dvd/benchspec/CPU2006/458.sjeng/run/run_base_test_amd64-m64-gcc42-nn.0002 -c 1 -e compare.err -o compare.stdout -f compare.cmd'
Start command: Sat Dec  5 11:25:08 2009 (1260033908)
Stop command: Sat Dec  5 11:25:10 2009 (1260033910)
Elapsed time for command: 00:00:02 (2)
Benchmark Times:
  Start:    Sat Dec  5 11:24:53 2009 (1260033893)
  Stop:     Sat Dec  5 11:25:08 2009 (1260033908)
  Elapsed:  00:00:15 (15)
  Reported: 6 311894000 6.311894
 Success 458.sjeng base test ratio=-0.00, runtime=6.311894

-----------------------------------
  Running 462.libquantum test base amd64-m64-gcc42-nn default
Commands to run: 
    -C /home/dave/Spec2006/dvd/benchspec/CPU2006/462.libquantum/run/run_base_test_amd64-m64-gcc42-nn.0002
    -o test.out -e test.err ../run_base_test_amd64-m64-gcc42-nn.0002/libquantum_base.amd64-m64-gcc42-nn 33 5
Specinvoke: /home/dave/Spec2006/dvd/bin/specinvoke -d /home/dave/Spec2006/dvd/benchspec/CPU2006/462.libquantum/run/run_base_test_amd64-m64-gcc42-nn.0002 -e speccmds.err -o speccmds.stdout -f speccmds.cmd -C
Issuing command '/home/dave/Spec2006/dvd/bin/specinvoke -d /home/dave/Spec2006/dvd/benchspec/CPU2006/462.libquantum/run/run_base_test_amd64-m64-gcc42-nn.0002 -e speccmds.err -o speccmds.stdout -f speccmds.cmd -C'
Start command: Sat Dec  5 11:25:10 2009 (1260033910)
Stop command: Sat Dec  5 11:25:12 2009 (1260033912)
Elapsed time for command: 00:00:02 (2)
Workload elapsed time (0:1) = 0.060915 seconds
copy 0 finished @ Sat Dec  5 11:25:10 2009.  Total elapsed time: 0.060915
comparing files in '/home/dave/Spec2006/dvd/benchspec/CPU2006/462.libquantum/run/run_base_test_amd64-m64-gcc42-nn.0002'
comparing 'test.out' with abstol=, binary=, calctol=0, cw=, floatcompare=, ignorecase=, obiwan=1, reltol=, skipabstol=, skipobiwan=, skipreltol=, skiptol=
Specinvoke: /home/dave/Spec2006/dvd/bin/specinvoke -E -d /home/dave/Spec2006/dvd/benchspec/CPU2006/462.libquantum/run/run_base_test_amd64-m64-gcc42-nn.0002 -c 1 -e compare.err -o compare.stdout -f compare.cmd
Issuing command '/home/dave/Spec2006/dvd/bin/specinvoke -E -d /home/dave/Spec2006/dvd/benchspec/CPU2006/462.libquantum/run/run_base_test_amd64-m64-gcc42-nn.0002 -c 1 -e compare.err -o compare.stdout -f compare.cmd'
Start command: Sat Dec  5 11:25:12 2009 (1260033912)
Stop command: Sat Dec  5 11:25:14 2009 (1260033914)
Elapsed time for command: 00:00:02 (2)
Benchmark Times:
  Start:    Sat Dec  5 11:25:10 2009 (1260033910)
  Stop:     Sat Dec  5 11:25:12 2009 (1260033912)
  Elapsed:  00:00:02 (2)
  Reported: 0 61003000 0.061003
 Success 462.libquantum base test ratio=-0.00, runtime=0.061003

-----------------------------------
  Running 464.h264ref test base amd64-m64-gcc42-nn default
Commands to run: 
    -C /home/dave/Spec2006/dvd/benchspec/CPU2006/464.h264ref/run/run_base_test_amd64-m64-gcc42-nn.0002
    -o foreman_test_baseline_encodelog.out -e foreman_test_baseline_encodelog.err ../run_base_test_amd64-m64-gcc42-nn.0002/h264ref_base.amd64-m64-gcc42-nn -d foreman_test_encoder_baseline.cfg
Specinvoke: /home/dave/Spec2006/dvd/bin/specinvoke -d /home/dave/Spec2006/dvd/benchspec/CPU2006/464.h264ref/run/run_base_test_amd64-m64-gcc42-nn.0002 -e speccmds.err -o speccmds.stdout -f speccmds.cmd -C
Issuing command '/home/dave/Spec2006/dvd/bin/specinvoke -d /home/dave/Spec2006/dvd/benchspec/CPU2006/464.h264ref/run/run_base_test_amd64-m64-gcc42-nn.0002 -e speccmds.err -o speccmds.stdout -f speccmds.cmd -C'
Start command: Sat Dec  5 11:25:14 2009 (1260033914)
Stop command: Sat Dec  5 11:25:45 2009 (1260033945)
Elapsed time for command: 00:00:31 (31)
Workload elapsed time (0:1) = 22.357977 seconds
copy 0 finished @ Sat Dec  5 11:25:37 2009.  Total elapsed time: 22.357977
comparing files in '/home/dave/Spec2006/dvd/benchspec/CPU2006/464.h264ref/run/run_base_test_amd64-m64-gcc42-nn.0002'
comparing 'foreman_test_baseline_encodelog.out' with abstol=, binary=, calctol=0, cw=1, floatcompare=1, ignorecase=, obiwan=, reltol=, skipabstol=, skipobiwan=, skipreltol=, skiptol=
comparing 'foreman_test_baseline_leakybucketparam.cfg' with abstol=, binary=1, calctol=0, cw=1, floatcompare=1, ignorecase=, obiwan=, reltol=, skipabstol=, skipobiwan=, skipreltol=, skiptol=
Specinvoke: /home/dave/Spec2006/dvd/bin/specinvoke -E -d /home/dave/Spec2006/dvd/benchspec/CPU2006/464.h264ref/run/run_base_test_amd64-m64-gcc42-nn.0002 -c 1 -e compare.err -o compare.stdout -f compare.cmd
Issuing command '/home/dave/Spec2006/dvd/bin/specinvoke -E -d /home/dave/Spec2006/dvd/benchspec/CPU2006/464.h264ref/run/run_base_test_amd64-m64-gcc42-nn.0002 -c 1 -e compare.err -o compare.stdout -f compare.cmd'
Start command: Sat Dec  5 11:25:45 2009 (1260033945)
Stop command: Sat Dec  5 11:25:47 2009 (1260033947)
Elapsed time for command: 00:00:02 (2)
Benchmark Times:
  Start:    Sat Dec  5 11:25:14 2009 (1260033914)
  Stop:     Sat Dec  5 11:25:45 2009 (1260033945)
  Elapsed:  00:00:31 (31)
  Reported: 22 358071000 22.358071
 Success 464.h264ref base test ratio=-0.00, runtime=22.358071

-----------------------------------
  Running 470.lbm test base amd64-m64-gcc42-nn default
Commands to run: 
    -C /home/dave/Spec2006/dvd/benchspec/CPU2006/470.lbm/run/run_base_test_amd64-m64-gcc42-nn.0001
    -o lbm.out -e lbm.err ../run_base_test_amd64-m64-gcc42-nn.0001/lbm_base.amd64-m64-gcc42-nn 20 reference.dat 0 1 100_100_130_cf_a.of
Specinvoke: /home/dave/Spec2006/dvd/bin/specinvoke -d /home/dave/Spec2006/dvd/benchspec/CPU2006/470.lbm/run/run_base_test_amd64-m64-gcc42-nn.0001 -e speccmds.err -o speccmds.stdout -f speccmds.cmd -C
Issuing command '/home/dave/Spec2006/dvd/bin/specinvoke -d /home/dave/Spec2006/dvd/benchspec/CPU2006/470.lbm/run/run_base_test_amd64-m64-gcc42-nn.0001 -e speccmds.err -o speccmds.stdout -f speccmds.cmd -C'
Start command: Sat Dec  5 11:25:47 2009 (1260033947)
Stop command: Sat Dec  5 11:26:08 2009 (1260033968)
Elapsed time for command: 00:00:21 (21)
Workload elapsed time (0:1) = 13.352662 seconds
copy 0 finished @ Sat Dec  5 11:26:00 2009.  Total elapsed time: 13.352662
comparing files in '/home/dave/Spec2006/dvd/benchspec/CPU2006/470.lbm/run/run_base_test_amd64-m64-gcc42-nn.0001'
comparing 'lbm.out' with abstol=1e-07, binary=, calctol=0, cw=, floatcompare=, ignorecase=, obiwan=, reltol=, skipabstol=, skipobiwan=, skipreltol=, skiptol=
Specinvoke: /home/dave/Spec2006/dvd/bin/specinvoke -E -d /home/dave/Spec2006/dvd/benchspec/CPU2006/470.lbm/run/run_base_test_amd64-m64-gcc42-nn.0001 -c 1 -e compare.err -o compare.stdout -f compare.cmd
Issuing command '/home/dave/Spec2006/dvd/bin/specinvoke -E -d /home/dave/Spec2006/dvd/benchspec/CPU2006/470.lbm/run/run_base_test_amd64-m64-gcc42-nn.0001 -c 1 -e compare.err -o compare.stdout -f compare.cmd'
Start command: Sat Dec  5 11:26:08 2009 (1260033968)
Stop command: Sat Dec  5 11:26:10 2009 (1260033970)
Elapsed time for command: 00:00:02 (2)
Benchmark Times:
  Start:    Sat Dec  5 11:25:47 2009 (1260033947)
  Stop:     Sat Dec  5 11:26:08 2009 (1260033968)
  Elapsed:  00:00:21 (21)
  Reported: 13 352765000 13.352765
 Success 470.lbm base test ratio=-0.00, runtime=13.352765

-----------------------------------
  Running 482.sphinx3 test base amd64-m64-gcc42-nn default
Commands to run: 
    -C /home/dave/Spec2006/dvd/benchspec/CPU2006/482.sphinx3/run/run_base_test_amd64-m64-gcc42-nn.0001
    -o an4.log -e an4.err ../run_base_test_amd64-m64-gcc42-nn.0001/sphinx_livepretend_base.amd64-m64-gcc42-nn ctlfile . args.an4
Specinvoke: /home/dave/Spec2006/dvd/bin/specinvoke -d /home/dave/Spec2006/dvd/benchspec/CPU2006/482.sphinx3/run/run_base_test_amd64-m64-gcc42-nn.0001 -e speccmds.err -o speccmds.stdout -f speccmds.cmd -C
Issuing command '/home/dave/Spec2006/dvd/bin/specinvoke -d /home/dave/Spec2006/dvd/benchspec/CPU2006/482.sphinx3/run/run_base_test_amd64-m64-gcc42-nn.0001 -e speccmds.err -o speccmds.stdout -f speccmds.cmd -C'
Start command: Sat Dec  5 11:26:10 2009 (1260033970)
Stop command: Sat Dec  5 11:26:21 2009 (1260033981)
Elapsed time for command: 00:00:11 (11)
Workload elapsed time (0:1) = 3.092192 seconds
copy 0 finished @ Sat Dec  5 11:26:13 2009.  Total elapsed time: 3.092192
comparing files in '/home/dave/Spec2006/dvd/benchspec/CPU2006/482.sphinx3/run/run_base_test_amd64-m64-gcc42-nn.0001'
comparing 'an4.log' with abstol=, binary=, calctol=0, cw=, floatcompare=1, ignorecase=, obiwan=, reltol=0.001, skipabstol=, skipobiwan=, skipreltol=, skiptol=
comparing 'considered.out' with abstol=, binary=, calctol=0, cw=, floatcompare=1, ignorecase=, obiwan=, reltol=0.0004, skipabstol=, skipobiwan=, skipreltol=, skiptol=
comparing 'total_considered.out' with abstol=, binary=, calctol=0, cw=, floatcompare=1, ignorecase=, obiwan=, reltol=1e-06, skipabstol=, skipobiwan=, skipreltol=, skiptol=
Specinvoke: /home/dave/Spec2006/dvd/bin/specinvoke -E -d /home/dave/Spec2006/dvd/benchspec/CPU2006/482.sphinx3/run/run_base_test_amd64-m64-gcc42-nn.0001 -c 1 -e compare.err -o compare.stdout -f compare.cmd
Issuing command '/home/dave/Spec2006/dvd/bin/specinvoke -E -d /home/dave/Spec2006/dvd/benchspec/CPU2006/482.sphinx3/run/run_base_test_amd64-m64-gcc42-nn.0001 -c 1 -e compare.err -o compare.stdout -f compare.cmd'
Start command: Sat Dec  5 11:26:21 2009 (1260033981)
Stop command: Sat Dec  5 11:26:24 2009 (1260033984)
Elapsed time for command: 00:00:03 (3)
Benchmark Times:
  Start:    Sat Dec  5 11:26:10 2009 (1260033970)
  Stop:     Sat Dec  5 11:26:21 2009 (1260033981)
  Elapsed:  00:00:11 (11)
  Reported: 3 92288000 3.092288
 Success 482.sphinx3 base test ratio=-0.00, runtime=3.092288

-----------------------------------
  Running 998.specrand test base amd64-m64-gcc42-nn default
Commands to run: 
    -C /home/dave/Spec2006/dvd/benchspec/CPU2006/998.specrand/run/run_base_test_amd64-m64-gcc42-nn.0001
    -o rand.24239.out -e rand.24239.err ../run_base_test_amd64-m64-gcc42-nn.0001/specrand_base.amd64-m64-gcc42-nn 324342 24239
Specinvoke: /home/dave/Spec2006/dvd/bin/specinvoke -d /home/dave/Spec2006/dvd/benchspec/CPU2006/998.specrand/run/run_base_test_amd64-m64-gcc42-nn.0001 -e speccmds.err -o speccmds.stdout -f speccmds.cmd -C
Issuing command '/home/dave/Spec2006/dvd/bin/specinvoke -d /home/dave/Spec2006/dvd/benchspec/CPU2006/998.specrand/run/run_base_test_amd64-m64-gcc42-nn.0001 -e speccmds.err -o speccmds.stdout -f speccmds.cmd -C'
Start command: Sat Dec  5 11:26:24 2009 (1260033984)
Stop command: Sat Dec  5 11:26:26 2009 (1260033986)
Elapsed time for command: 00:00:02 (2)
Workload elapsed time (0:1) = 0.018438 seconds
copy 0 finished @ Sat Dec  5 11:26:24 2009.  Total elapsed time: 0.018438
comparing files in '/home/dave/Spec2006/dvd/benchspec/CPU2006/998.specrand/run/run_base_test_amd64-m64-gcc42-nn.0001'
comparing 'rand.24239.out' with abstol=, binary=, calctol=0, cw=, floatcompare=1, ignorecase=, obiwan=, reltol=, skipabstol=, skipobiwan=, skipreltol=, skiptol=
Specinvoke: /home/dave/Spec2006/dvd/bin/specinvoke -E -d /home/dave/Spec2006/dvd/benchspec/CPU2006/998.specrand/run/run_base_test_amd64-m64-gcc42-nn.0001 -c 1 -e compare.err -o compare.stdout -f compare.cmd
Issuing command '/home/dave/Spec2006/dvd/bin/specinvoke -E -d /home/dave/Spec2006/dvd/benchspec/CPU2006/998.specrand/run/run_base_test_amd64-m64-gcc42-nn.0001 -c 1 -e compare.err -o compare.stdout -f compare.cmd'
Start command: Sat Dec  5 11:26:26 2009 (1260033986)
Stop command: Sat Dec  5 11:26:28 2009 (1260033988)
Elapsed time for command: 00:00:02 (2)
Benchmark Times:
  Start:    Sat Dec  5 11:26:24 2009 (1260033984)
  Stop:     Sat Dec  5 11:26:26 2009 (1260033986)
  Elapsed:  00:00:02 (2)
  Reported: 0 18532000 0.018532
 Success 998.specrand base test ratio=-0.00, runtime=0.018532

-----------------------------------
  Running 999.specrand test base amd64-m64-gcc42-nn default
Commands to run: 
    -C /home/dave/Spec2006/dvd/benchspec/CPU2006/999.specrand/run/run_base_test_amd64-m64-gcc42-nn.0002
    -o rand.24239.out -e rand.24239.err ../run_base_test_amd64-m64-gcc42-nn.0002/specrand_base.amd64-m64-gcc42-nn 324342 24239
Specinvoke: /home/dave/Spec2006/dvd/bin/specinvoke -d /home/dave/Spec2006/dvd/benchspec/CPU2006/999.specrand/run/run_base_test_amd64-m64-gcc42-nn.0002 -e speccmds.err -o speccmds.stdout -f speccmds.cmd -C
Issuing command '/home/dave/Spec2006/dvd/bin/specinvoke -d /home/dave/Spec2006/dvd/benchspec/CPU2006/999.specrand/run/run_base_test_amd64-m64-gcc42-nn.0002 -e speccmds.err -o speccmds.stdout -f speccmds.cmd -C'
Start command: Sat Dec  5 11:26:28 2009 (1260033988)
Stop command: Sat Dec  5 11:26:30 2009 (1260033990)
Elapsed time for command: 00:00:02 (2)
Workload elapsed time (0:1) = 0.018432 seconds
copy 0 finished @ Sat Dec  5 11:26:28 2009.  Total elapsed time: 0.018432
comparing files in '/home/dave/Spec2006/dvd/benchspec/CPU2006/999.specrand/run/run_base_test_amd64-m64-gcc42-nn.0002'
comparing 'rand.24239.out' with abstol=, binary=, calctol=0, cw=, floatcompare=1, ignorecase=, obiwan=, reltol=, skipabstol=, skipobiwan=, skipreltol=, skiptol=
Specinvoke: /home/dave/Spec2006/dvd/bin/specinvoke -E -d /home/dave/Spec2006/dvd/benchspec/CPU2006/999.specrand/run/run_base_test_amd64-m64-gcc42-nn.0002 -c 1 -e compare.err -o compare.stdout -f compare.cmd
Issuing command '/home/dave/Spec2006/dvd/bin/specinvoke -E -d /home/dave/Spec2006/dvd/benchspec/CPU2006/999.specrand/run/run_base_test_amd64-m64-gcc42-nn.0002 -c 1 -e compare.err -o compare.stdout -f compare.cmd'
Start command: Sat Dec  5 11:26:30 2009 (1260033990)
Stop command: Sat Dec  5 11:26:33 2009 (1260033993)
Elapsed time for command: 00:00:03 (3)
Benchmark Times:
  Start:    Sat Dec  5 11:26:28 2009 (1260033988)
  Stop:     Sat Dec  5 11:26:30 2009 (1260033990)
  Elapsed:  00:00:02 (2)
  Reported: 0 18523000 0.018523
 Success 999.specrand base test ratio=-0.00, runtime=0.018523
Success: 1x401.bzip2 1x403.gcc 1x429.mcf 1x433.milc 1x445.gobmk 1x456.hmmer 1x458.sjeng 1x462.libquantum 1x464.h264ref 1x470.lbm 1x482.sphinx3 1x998.specrand 1x999.specrand
Producing Reports
mach: default
  ext: amd64-m64-gcc42-nn
    size: test
      set: int
           Flag reduction took 0.0093200s
        format: raw -> /home/dave/Spec2006/dvd/result/CINT2006.021.test.rsf
        format: flags -> /home/dave/Spec2006/dvd/result/CINT2006.021.test.flags.html
        format: ASCII -> /home/dave/Spec2006/dvd/result/CINT2006.021.test.txt
        format: PDF -> /home/dave/Spec2006/dvd/result/CINT2006.021.test.pdf
        format: Screen ->       set: fp
           Flag reduction took 0.0041928s
        format: raw -> /home/dave/Spec2006/dvd/result/CFP2006.021.test.rsf
        format: flags -> /home/dave/Spec2006/dvd/result/CFP2006.021.test.flags.html
        format: ASCII -> /home/dave/Spec2006/dvd/result/CFP2006.021.test.txt
        format: PDF -> /home/dave/Spec2006/dvd/result/CFP2006.021.test.pdf
        format: Screen -> 
The log for this run is in /home/dave/Spec2006/dvd/result/CPU2006.021.log

runspec finished at Sat Dec  5 11:26:35 2009; 231 total seconds elapsed
