runspec started at Thu Dec 10 13:28:56 2009 on "haskell"
runspec is: /home/dave/Spec2006/dvd/bin/runspec
runspec: runspec --config=fedora64.cfg --size=test --tune=base --noreportable --iterations=1 pin_full

Locating benchmarks...found 31 benchmarks in 14 benchsets.
Locating output formats: ASCII, config, CSV, flags, HTML, mail, PDF, PostScript, raw, Screen, Submission Check
Reading config file '/home/dave/Spec2006/dvd/config/fedora64.cfg'
Verbosity = 5
Action    = validate
Tune      = base
Ext       = amd64-m64-gcc42-nn
Size      = test
Machine   = default
benchmarks= 401.bzip2,403.gcc,410.bwaves,416.gamess,429.mcf,433.milc,434.zeusmp,435.gromacs,436.cactusADM,437.leslie3d,444.namd,445.gobmk,450.soplex,453.povray,454.calculix,456.hmmer,458.sjeng,459.GemsFDTD,462.libquantum,464.h264ref,465.tonto,470.lbm,471.omnetpp,473.astar,481.wrf,482.sphinx3,998.specrand,999.specrand
outputs   = raw,flags,ASCII,PDF,Screen
username  = dave
Benchmarks selected: 401.bzip2, 403.gcc, 410.bwaves, 416.gamess, 429.mcf, 433.milc, 434.zeusmp, 435.gromacs, 436.cactusADM, 437.leslie3d, 444.namd, 445.gobmk, 450.soplex, 453.povray, 454.calculix, 456.hmmer, 458.sjeng, 459.GemsFDTD, 462.libquantum, 464.h264ref, 465.tonto, 470.lbm, 471.omnetpp, 473.astar, 481.wrf, 482.sphinx3, 998.specrand, 999.specrand
Compiling Binaries

------------------------------------------------------------------------
  Up to date 401.bzip2 test base amd64-m64-gcc42-nn default

------------------------------------------------------------------------
  Up to date 403.gcc test base amd64-m64-gcc42-nn default

------------------------------------------------------------------------
  Up to date 410.bwaves test base amd64-m64-gcc42-nn default

------------------------------------------------------------------------
  Up to date 416.gamess test base amd64-m64-gcc42-nn default

------------------------------------------------------------------------
  Up to date 429.mcf test base amd64-m64-gcc42-nn default

------------------------------------------------------------------------
  Up to date 433.milc test base amd64-m64-gcc42-nn default

------------------------------------------------------------------------
  Up to date 434.zeusmp test base amd64-m64-gcc42-nn default

------------------------------------------------------------------------
  Up to date 435.gromacs test base amd64-m64-gcc42-nn default

------------------------------------------------------------------------
  Up to date 436.cactusADM test base amd64-m64-gcc42-nn default

------------------------------------------------------------------------
  Up to date 437.leslie3d test base amd64-m64-gcc42-nn default

------------------------------------------------------------------------
  Up to date 444.namd test base amd64-m64-gcc42-nn default

------------------------------------------------------------------------
  Up to date 445.gobmk test base amd64-m64-gcc42-nn default

------------------------------------------------------------------------
  Up to date 450.soplex test base amd64-m64-gcc42-nn default

------------------------------------------------------------------------
  Up to date 453.povray test base amd64-m64-gcc42-nn default

------------------------------------------------------------------------
  Up to date 454.calculix test base amd64-m64-gcc42-nn default

------------------------------------------------------------------------
  Up to date 456.hmmer test base amd64-m64-gcc42-nn default

------------------------------------------------------------------------
  Up to date 458.sjeng test base amd64-m64-gcc42-nn default

------------------------------------------------------------------------
  Up to date 459.GemsFDTD test base amd64-m64-gcc42-nn default

------------------------------------------------------------------------
  Up to date 462.libquantum test base amd64-m64-gcc42-nn default

------------------------------------------------------------------------
  Up to date 464.h264ref test base amd64-m64-gcc42-nn default

------------------------------------------------------------------------
  Up to date 465.tonto test base amd64-m64-gcc42-nn default

------------------------------------------------------------------------
  Up to date 470.lbm test base amd64-m64-gcc42-nn default

------------------------------------------------------------------------
  Up to date 471.omnetpp test base amd64-m64-gcc42-nn default

------------------------------------------------------------------------
  Up to date 473.astar test base amd64-m64-gcc42-nn default

------------------------------------------------------------------------
  Up to date 481.wrf test base amd64-m64-gcc42-nn default

------------------------------------------------------------------------
  Up to date 482.sphinx3 test base amd64-m64-gcc42-nn default

------------------------------------------------------------------------
  Up to date 998.specrand test base amd64-m64-gcc42-nn default

------------------------------------------------------------------------
  Up to date 999.specrand test base amd64-m64-gcc42-nn default


Parsing Flags
  Looking at 401.bzip2 base amd64-m64-gcc42-nn default: done
  Looking at 403.gcc base amd64-m64-gcc42-nn default: done
  Looking at 410.bwaves base amd64-m64-gcc42-nn default: done
  Looking at 416.gamess base amd64-m64-gcc42-nn default: done
  Looking at 429.mcf base amd64-m64-gcc42-nn default: done
  Looking at 433.milc base amd64-m64-gcc42-nn default: done
  Looking at 434.zeusmp base amd64-m64-gcc42-nn default: done
  Looking at 435.gromacs base amd64-m64-gcc42-nn default: done
  Looking at 436.cactusADM base amd64-m64-gcc42-nn default: done
  Looking at 437.leslie3d base amd64-m64-gcc42-nn default: done
  Looking at 444.namd base amd64-m64-gcc42-nn default: done
  Looking at 445.gobmk base amd64-m64-gcc42-nn default: done
  Looking at 450.soplex base amd64-m64-gcc42-nn default: done
  Looking at 453.povray base amd64-m64-gcc42-nn default: done
  Looking at 454.calculix base amd64-m64-gcc42-nn default: done
  Looking at 456.hmmer base amd64-m64-gcc42-nn default: done
  Looking at 458.sjeng base amd64-m64-gcc42-nn default: done
  Looking at 459.GemsFDTD base amd64-m64-gcc42-nn default: done
  Looking at 462.libquantum base amd64-m64-gcc42-nn default: done
  Looking at 464.h264ref base amd64-m64-gcc42-nn default: done
  Looking at 465.tonto base amd64-m64-gcc42-nn default: done
  Looking at 470.lbm base amd64-m64-gcc42-nn default: done
  Looking at 471.omnetpp base amd64-m64-gcc42-nn default: done
  Looking at 473.astar base amd64-m64-gcc42-nn default: done
  Looking at 481.wrf base amd64-m64-gcc42-nn default: done
  Looking at 482.sphinx3 base amd64-m64-gcc42-nn default: done
  Looking at 998.specrand base amd64-m64-gcc42-nn default: done
  Looking at 999.specrand base amd64-m64-gcc42-nn default: done
Flag Parsing Complete

Setting Up Run Directories
  Setting up 401.bzip2 test base amd64-m64-gcc42-nn default: existing (run_base_test_amd64-m64-gcc42-nn.0000)
  Setting up 403.gcc test base amd64-m64-gcc42-nn default: existing (run_base_test_amd64-m64-gcc42-nn.0000)
  Setting up 410.bwaves test base amd64-m64-gcc42-nn default: existing (run_base_test_amd64-m64-gcc42-nn.0000)
  Setting up 416.gamess test base amd64-m64-gcc42-nn default: existing (run_base_test_amd64-m64-gcc42-nn.0000)
  Setting up 429.mcf test base amd64-m64-gcc42-nn default: existing (run_base_test_amd64-m64-gcc42-nn.0000)
  Setting up 433.milc test base amd64-m64-gcc42-nn default: existing (run_base_test_amd64-m64-gcc42-nn.0000)
  Setting up 434.zeusmp test base amd64-m64-gcc42-nn default: existing (run_base_test_amd64-m64-gcc42-nn.0000)
  Setting up 435.gromacs test base amd64-m64-gcc42-nn default: existing (run_base_test_amd64-m64-gcc42-nn.0000)
  Setting up 436.cactusADM test base amd64-m64-gcc42-nn default: existing (run_base_test_amd64-m64-gcc42-nn.0000)
  Setting up 437.leslie3d test base amd64-m64-gcc42-nn default: existing (run_base_test_amd64-m64-gcc42-nn.0000)
  Setting up 444.namd test base amd64-m64-gcc42-nn default: existing (run_base_test_amd64-m64-gcc42-nn.0000)
  Setting up 445.gobmk test base amd64-m64-gcc42-nn default: existing (run_base_test_amd64-m64-gcc42-nn.0000)
  Setting up 450.soplex test base amd64-m64-gcc42-nn default: existing (run_base_test_amd64-m64-gcc42-nn.0000)
  Setting up 453.povray test base amd64-m64-gcc42-nn default: existing (run_base_test_amd64-m64-gcc42-nn.0000)
  Setting up 454.calculix test base amd64-m64-gcc42-nn default: existing (run_base_test_amd64-m64-gcc42-nn.0000)
  Setting up 456.hmmer test base amd64-m64-gcc42-nn default: existing (run_base_test_amd64-m64-gcc42-nn.0000)
  Setting up 458.sjeng test base amd64-m64-gcc42-nn default: existing (run_base_test_amd64-m64-gcc42-nn.0000)
  Setting up 459.GemsFDTD test base amd64-m64-gcc42-nn default: existing (run_base_test_amd64-m64-gcc42-nn.0000)
  Setting up 462.libquantum test base amd64-m64-gcc42-nn default: existing (run_base_test_amd64-m64-gcc42-nn.0000)
  Setting up 464.h264ref test base amd64-m64-gcc42-nn default: existing (run_base_test_amd64-m64-gcc42-nn.0000)
  Setting up 465.tonto test base amd64-m64-gcc42-nn default: existing (run_base_test_amd64-m64-gcc42-nn.0000)
  Setting up 470.lbm test base amd64-m64-gcc42-nn default: existing (run_base_test_amd64-m64-gcc42-nn.0000)
  Setting up 471.omnetpp test base amd64-m64-gcc42-nn default: existing (run_base_test_amd64-m64-gcc42-nn.0000)
  Setting up 473.astar test base amd64-m64-gcc42-nn default: existing (run_base_test_amd64-m64-gcc42-nn.0000)
  Setting up 481.wrf test base amd64-m64-gcc42-nn default: created (run_base_test_amd64-m64-gcc42-nn.0000)
  Setting up 482.sphinx3 test base amd64-m64-gcc42-nn default: existing (run_base_test_amd64-m64-gcc42-nn.0000)
  Setting up 998.specrand test base amd64-m64-gcc42-nn default: existing (run_base_test_amd64-m64-gcc42-nn.0000)
  Setting up 999.specrand test base amd64-m64-gcc42-nn default: existing (run_base_test_amd64-m64-gcc42-nn.0000)

-----------------------------------
Running Benchmarks

-----------------------------------
  Running 401.bzip2 test base amd64-m64-gcc42-nn default
Commands to run: 
    -C /home/dave/Spec2006/dvd/benchspec/CPU2006/401.bzip2/run/run_base_test_amd64-m64-gcc42-nn.0000
    -o input.program.out -e input.program.err ../run_base_test_amd64-m64-gcc42-nn.0000/bzip2_base.amd64-m64-gcc42-nn input.program 5
    -o dryer.jpg.out -e dryer.jpg.err ../run_base_test_amd64-m64-gcc42-nn.0000/bzip2_base.amd64-m64-gcc42-nn dryer.jpg 2
Specinvoke: /home/dave/Spec2006/dvd/bin/specinvoke -d /home/dave/Spec2006/dvd/benchspec/CPU2006/401.bzip2/run/run_base_test_amd64-m64-gcc42-nn.0000 -e speccmds.err -o speccmds.stdout -f speccmds.cmd -C
Issuing command '/home/dave/Spec2006/dvd/bin/specinvoke -d /home/dave/Spec2006/dvd/benchspec/CPU2006/401.bzip2/run/run_base_test_amd64-m64-gcc42-nn.0000 -e speccmds.err -o speccmds.stdout -f speccmds.cmd -C'
Start command: Thu Dec 10 13:29:11 2009 (1260473351)
Stop command: Thu Dec 10 13:29:29 2009 (1260473369)
Elapsed time for command: 00:00:18 (18)
Workload elapsed time (0:1) = 3.43301 seconds
Workload elapsed time (0:2) = 5.789438 seconds
copy 0 finished @ Thu Dec 10 13:29:21 2009.  Total elapsed time: 9.222448
comparing files in '/home/dave/Spec2006/dvd/benchspec/CPU2006/401.bzip2/run/run_base_test_amd64-m64-gcc42-nn.0000'
comparing 'dryer.jpg.out' with abstol=, binary=, calctol=0, cw=, floatcompare=, ignorecase=, obiwan=, reltol=, skipabstol=, skipobiwan=, skipreltol=, skiptol=
comparing 'input.program.out' with abstol=, binary=, calctol=0, cw=, floatcompare=, ignorecase=, obiwan=, reltol=, skipabstol=, skipobiwan=, skipreltol=, skiptol=
Specinvoke: /home/dave/Spec2006/dvd/bin/specinvoke -E -d /home/dave/Spec2006/dvd/benchspec/CPU2006/401.bzip2/run/run_base_test_amd64-m64-gcc42-nn.0000 -c 1 -e compare.err -o compare.stdout -f compare.cmd
Issuing command '/home/dave/Spec2006/dvd/bin/specinvoke -E -d /home/dave/Spec2006/dvd/benchspec/CPU2006/401.bzip2/run/run_base_test_amd64-m64-gcc42-nn.0000 -c 1 -e compare.err -o compare.stdout -f compare.cmd'
Start command: Thu Dec 10 13:29:29 2009 (1260473369)
Stop command: Thu Dec 10 13:29:31 2009 (1260473371)
Elapsed time for command: 00:00:02 (2)
Benchmark Times:
  Start:    Thu Dec 10 13:29:11 2009 (1260473351)
  Stop:     Thu Dec 10 13:29:29 2009 (1260473369)
  Elapsed:  00:00:18 (18)
  Reported: 9 222580000 9.22258
 Success 401.bzip2 base test ratio=-0.00, runtime=9.222580

-----------------------------------
  Running 403.gcc test base amd64-m64-gcc42-nn default
Commands to run: 
    -C /home/dave/Spec2006/dvd/benchspec/CPU2006/403.gcc/run/run_base_test_amd64-m64-gcc42-nn.0000
    -o cccp.out -e cccp.err ../run_base_test_amd64-m64-gcc42-nn.0000/gcc_base.amd64-m64-gcc42-nn cccp.i -o cccp.s
Specinvoke: /home/dave/Spec2006/dvd/bin/specinvoke -d /home/dave/Spec2006/dvd/benchspec/CPU2006/403.gcc/run/run_base_test_amd64-m64-gcc42-nn.0000 -e speccmds.err -o speccmds.stdout -f speccmds.cmd -C
Issuing command '/home/dave/Spec2006/dvd/bin/specinvoke -d /home/dave/Spec2006/dvd/benchspec/CPU2006/403.gcc/run/run_base_test_amd64-m64-gcc42-nn.0000 -e speccmds.err -o speccmds.stdout -f speccmds.cmd -C'
Start command: Thu Dec 10 13:29:31 2009 (1260473371)
Stop command: Thu Dec 10 13:29:37 2009 (1260473377)
Elapsed time for command: 00:00:06 (6)
Workload elapsed time (0:1) = 1.97613 seconds
copy 0 finished @ Thu Dec 10 13:29:33 2009.  Total elapsed time: 1.97613
comparing files in '/home/dave/Spec2006/dvd/benchspec/CPU2006/403.gcc/run/run_base_test_amd64-m64-gcc42-nn.0000'
comparing 'cccp.s' with abstol=, binary=, calctol=0, cw=, floatcompare=, ignorecase=, obiwan=, reltol=, skipabstol=, skipobiwan=, skipreltol=, skiptol=
Specinvoke: /home/dave/Spec2006/dvd/bin/specinvoke -E -d /home/dave/Spec2006/dvd/benchspec/CPU2006/403.gcc/run/run_base_test_amd64-m64-gcc42-nn.0000 -c 1 -e compare.err -o compare.stdout -f compare.cmd
Issuing command '/home/dave/Spec2006/dvd/bin/specinvoke -E -d /home/dave/Spec2006/dvd/benchspec/CPU2006/403.gcc/run/run_base_test_amd64-m64-gcc42-nn.0000 -c 1 -e compare.err -o compare.stdout -f compare.cmd'
Start command: Thu Dec 10 13:29:37 2009 (1260473377)
Stop command: Thu Dec 10 13:29:39 2009 (1260473379)
Elapsed time for command: 00:00:02 (2)
Benchmark Times:
  Start:    Thu Dec 10 13:29:31 2009 (1260473371)
  Stop:     Thu Dec 10 13:29:37 2009 (1260473377)
  Elapsed:  00:00:06 (6)
  Reported: 1 976233000 1.976233
 Success 403.gcc base test ratio=-0.00, runtime=1.976233

-----------------------------------
  Running 410.bwaves test base amd64-m64-gcc42-nn default
Commands to run: 
    -C /home/dave/Spec2006/dvd/benchspec/CPU2006/410.bwaves/run/run_base_test_amd64-m64-gcc42-nn.0000
    -e bwaves.err ../run_base_test_amd64-m64-gcc42-nn.0000/bwaves_base.amd64-m64-gcc42-nn
Specinvoke: /home/dave/Spec2006/dvd/bin/specinvoke -d /home/dave/Spec2006/dvd/benchspec/CPU2006/410.bwaves/run/run_base_test_amd64-m64-gcc42-nn.0000 -e speccmds.err -o speccmds.stdout -f speccmds.cmd -C
Issuing command '/home/dave/Spec2006/dvd/bin/specinvoke -d /home/dave/Spec2006/dvd/benchspec/CPU2006/410.bwaves/run/run_base_test_amd64-m64-gcc42-nn.0000 -e speccmds.err -o speccmds.stdout -f speccmds.cmd -C'
Start command: Thu Dec 10 13:29:39 2009 (1260473379)
Stop command: Thu Dec 10 13:30:15 2009 (1260473415)
Elapsed time for command: 00:00:36 (36)
Workload elapsed time (0:1) = 28.368563 seconds
copy 0 finished @ Thu Dec 10 13:30:07 2009.  Total elapsed time: 28.368563
comparing files in '/home/dave/Spec2006/dvd/benchspec/CPU2006/410.bwaves/run/run_base_test_amd64-m64-gcc42-nn.0000'
comparing 'bwaves.out' with abstol=1e-16, binary=, calctol=0, cw=, floatcompare=, ignorecase=, obiwan=, reltol=, skipabstol=, skipobiwan=, skipreltol=, skiptol=
comparing 'bwaves2.out' with abstol=, binary=, calctol=0, cw=, floatcompare=, ignorecase=, obiwan=, reltol=0.015, skipabstol=, skipobiwan=, skipreltol=, skiptol=
comparing 'bwaves3.out' with abstol=, binary=, calctol=0, cw=, floatcompare=, ignorecase=, obiwan=, reltol=1e-06, skipabstol=, skipobiwan=, skipreltol=, skiptol=
Specinvoke: /home/dave/Spec2006/dvd/bin/specinvoke -E -d /home/dave/Spec2006/dvd/benchspec/CPU2006/410.bwaves/run/run_base_test_amd64-m64-gcc42-nn.0000 -c 1 -e compare.err -o compare.stdout -f compare.cmd
Issuing command '/home/dave/Spec2006/dvd/bin/specinvoke -E -d /home/dave/Spec2006/dvd/benchspec/CPU2006/410.bwaves/run/run_base_test_amd64-m64-gcc42-nn.0000 -c 1 -e compare.err -o compare.stdout -f compare.cmd'
Start command: Thu Dec 10 13:30:15 2009 (1260473415)
Stop command: Thu Dec 10 13:30:18 2009 (1260473418)
Elapsed time for command: 00:00:03 (3)
Benchmark Times:
  Start:    Thu Dec 10 13:29:39 2009 (1260473379)
  Stop:     Thu Dec 10 13:30:15 2009 (1260473415)
  Elapsed:  00:00:36 (36)
  Reported: 28 368657000 28.368657
 Success 410.bwaves base test ratio=-0.00, runtime=28.368657

-----------------------------------
  Running 416.gamess test base amd64-m64-gcc42-nn default
Commands to run: 
    -C /home/dave/Spec2006/dvd/benchspec/CPU2006/416.gamess/run/run_base_test_amd64-m64-gcc42-nn.0000
    -i exam29.config -o exam29.out -e exam29.err ../run_base_test_amd64-m64-gcc42-nn.0000/gamess_base.amd64-m64-gcc42-nn
Specinvoke: /home/dave/Spec2006/dvd/bin/specinvoke -d /home/dave/Spec2006/dvd/benchspec/CPU2006/416.gamess/run/run_base_test_amd64-m64-gcc42-nn.0000 -e speccmds.err -o speccmds.stdout -f speccmds.cmd -C
Issuing command '/home/dave/Spec2006/dvd/bin/specinvoke -d /home/dave/Spec2006/dvd/benchspec/CPU2006/416.gamess/run/run_base_test_amd64-m64-gcc42-nn.0000 -e speccmds.err -o speccmds.stdout -f speccmds.cmd -C'
Start command: Thu Dec 10 13:30:18 2009 (1260473418)
Stop command: Thu Dec 10 13:30:20 2009 (1260473420)
Elapsed time for command: 00:00:02 (2)
Workload elapsed time (0:1) = 0.574572 seconds
copy 0 finished @ Thu Dec 10 13:30:18 2009.  Total elapsed time: 0.574572
comparing files in '/home/dave/Spec2006/dvd/benchspec/CPU2006/416.gamess/run/run_base_test_amd64-m64-gcc42-nn.0000'
comparing 'exam29.out' with abstol=1e-05, binary=, calctol=0, cw=, floatcompare=, ignorecase=1, obiwan=, reltol=0.0001, skipabstol=, skipobiwan=, skipreltol=, skiptol=
Specinvoke: /home/dave/Spec2006/dvd/bin/specinvoke -E -d /home/dave/Spec2006/dvd/benchspec/CPU2006/416.gamess/run/run_base_test_amd64-m64-gcc42-nn.0000 -c 1 -e compare.err -o compare.stdout -f compare.cmd
Issuing command '/home/dave/Spec2006/dvd/bin/specinvoke -E -d /home/dave/Spec2006/dvd/benchspec/CPU2006/416.gamess/run/run_base_test_amd64-m64-gcc42-nn.0000 -c 1 -e compare.err -o compare.stdout -f compare.cmd'
Start command: Thu Dec 10 13:30:20 2009 (1260473420)
Stop command: Thu Dec 10 13:30:23 2009 (1260473423)
Elapsed time for command: 00:00:03 (3)
Benchmark Times:
  Start:    Thu Dec 10 13:30:18 2009 (1260473418)
  Stop:     Thu Dec 10 13:30:20 2009 (1260473420)
  Elapsed:  00:00:02 (2)
  Reported: 0 574674000 0.574674
 Success 416.gamess base test ratio=-0.00, runtime=0.574674

-----------------------------------
  Running 429.mcf test base amd64-m64-gcc42-nn default
Commands to run: 
    -C /home/dave/Spec2006/dvd/benchspec/CPU2006/429.mcf/run/run_base_test_amd64-m64-gcc42-nn.0000
    -o inp.out -e inp.err ../run_base_test_amd64-m64-gcc42-nn.0000/mcf_base.amd64-m64-gcc42-nn inp.in
Specinvoke: /home/dave/Spec2006/dvd/bin/specinvoke -d /home/dave/Spec2006/dvd/benchspec/CPU2006/429.mcf/run/run_base_test_amd64-m64-gcc42-nn.0000 -e speccmds.err -o speccmds.stdout -f speccmds.cmd -C
Issuing command '/home/dave/Spec2006/dvd/bin/specinvoke -d /home/dave/Spec2006/dvd/benchspec/CPU2006/429.mcf/run/run_base_test_amd64-m64-gcc42-nn.0000 -e speccmds.err -o speccmds.stdout -f speccmds.cmd -C'
Start command: Thu Dec 10 13:30:23 2009 (1260473423)
Stop command: Thu Dec 10 13:30:37 2009 (1260473437)
Elapsed time for command: 00:00:14 (14)
Workload elapsed time (0:1) = 6.268031 seconds
copy 0 finished @ Thu Dec 10 13:30:29 2009.  Total elapsed time: 6.268031
comparing files in '/home/dave/Spec2006/dvd/benchspec/CPU2006/429.mcf/run/run_base_test_amd64-m64-gcc42-nn.0000'
comparing 'inp.out' with abstol=, binary=, calctol=0, cw=, floatcompare=, ignorecase=, obiwan=, reltol=, skipabstol=, skipobiwan=, skipreltol=, skiptol=
comparing 'mcf.out' with abstol=, binary=, calctol=0, cw=, floatcompare=, ignorecase=, obiwan=, reltol=, skipabstol=, skipobiwan=, skipreltol=, skiptol=
Specinvoke: /home/dave/Spec2006/dvd/bin/specinvoke -E -d /home/dave/Spec2006/dvd/benchspec/CPU2006/429.mcf/run/run_base_test_amd64-m64-gcc42-nn.0000 -c 1 -e compare.err -o compare.stdout -f compare.cmd
Issuing command '/home/dave/Spec2006/dvd/bin/specinvoke -E -d /home/dave/Spec2006/dvd/benchspec/CPU2006/429.mcf/run/run_base_test_amd64-m64-gcc42-nn.0000 -c 1 -e compare.err -o compare.stdout -f compare.cmd'
Start command: Thu Dec 10 13:30:37 2009 (1260473437)
Stop command: Thu Dec 10 13:30:39 2009 (1260473439)
Elapsed time for command: 00:00:02 (2)
Benchmark Times:
  Start:    Thu Dec 10 13:30:23 2009 (1260473423)
  Stop:     Thu Dec 10 13:30:37 2009 (1260473437)
  Elapsed:  00:00:14 (14)
  Reported: 6 268151000 6.268151
 Success 429.mcf base test ratio=-0.00, runtime=6.268151

-----------------------------------
  Running 433.milc test base amd64-m64-gcc42-nn default
Commands to run: 
    -C /home/dave/Spec2006/dvd/benchspec/CPU2006/433.milc/run/run_base_test_amd64-m64-gcc42-nn.0000
    -i su3imp.in -o su3imp.out -e su3imp.err ../run_base_test_amd64-m64-gcc42-nn.0000/milc_base.amd64-m64-gcc42-nn
Specinvoke: /home/dave/Spec2006/dvd/bin/specinvoke -d /home/dave/Spec2006/dvd/benchspec/CPU2006/433.milc/run/run_base_test_amd64-m64-gcc42-nn.0000 -e speccmds.err -o speccmds.stdout -f speccmds.cmd -C
Issuing command '/home/dave/Spec2006/dvd/bin/specinvoke -d /home/dave/Spec2006/dvd/benchspec/CPU2006/433.milc/run/run_base_test_amd64-m64-gcc42-nn.0000 -e speccmds.err -o speccmds.stdout -f speccmds.cmd -C'
Start command: Thu Dec 10 13:30:39 2009 (1260473439)
Stop command: Thu Dec 10 13:30:56 2009 (1260473456)
Elapsed time for command: 00:00:17 (17)
Workload elapsed time (0:1) = 8.621522 seconds
copy 0 finished @ Thu Dec 10 13:30:48 2009.  Total elapsed time: 8.621522
comparing files in '/home/dave/Spec2006/dvd/benchspec/CPU2006/433.milc/run/run_base_test_amd64-m64-gcc42-nn.0000'
comparing 'su3imp.out' with abstol=2e-07, binary=, calctol=0, cw=, floatcompare=, ignorecase=, obiwan=, reltol=0.0001, skipabstol=, skipobiwan=, skipreltol=, skiptol=
Specinvoke: /home/dave/Spec2006/dvd/bin/specinvoke -E -d /home/dave/Spec2006/dvd/benchspec/CPU2006/433.milc/run/run_base_test_amd64-m64-gcc42-nn.0000 -c 1 -e compare.err -o compare.stdout -f compare.cmd
Issuing command '/home/dave/Spec2006/dvd/bin/specinvoke -E -d /home/dave/Spec2006/dvd/benchspec/CPU2006/433.milc/run/run_base_test_amd64-m64-gcc42-nn.0000 -c 1 -e compare.err -o compare.stdout -f compare.cmd'
Start command: Thu Dec 10 13:30:56 2009 (1260473456)
Stop command: Thu Dec 10 13:30:58 2009 (1260473458)
Elapsed time for command: 00:00:02 (2)
Benchmark Times:
  Start:    Thu Dec 10 13:30:39 2009 (1260473439)
  Stop:     Thu Dec 10 13:30:56 2009 (1260473456)
  Elapsed:  00:00:17 (17)
  Reported: 8 621612000 8.621612
 Success 433.milc base test ratio=-0.00, runtime=8.621612

-----------------------------------
  Running 434.zeusmp test base amd64-m64-gcc42-nn default
Commands to run: 
    -C /home/dave/Spec2006/dvd/benchspec/CPU2006/434.zeusmp/run/run_base_test_amd64-m64-gcc42-nn.0000
    -o zeusmp.stdout -e zeusmp.err ../run_base_test_amd64-m64-gcc42-nn.0000/zeusmp_base.amd64-m64-gcc42-nn
Specinvoke: /home/dave/Spec2006/dvd/bin/specinvoke -d /home/dave/Spec2006/dvd/benchspec/CPU2006/434.zeusmp/run/run_base_test_amd64-m64-gcc42-nn.0000 -e speccmds.err -o speccmds.stdout -f speccmds.cmd -C
Issuing command '/home/dave/Spec2006/dvd/bin/specinvoke -d /home/dave/Spec2006/dvd/benchspec/CPU2006/434.zeusmp/run/run_base_test_amd64-m64-gcc42-nn.0000 -e speccmds.err -o speccmds.stdout -f speccmds.cmd -C'
Start command: Thu Dec 10 13:30:58 2009 (1260473458)
Stop command: Thu Dec 10 13:31:36 2009 (1260473496)
Elapsed time for command: 00:00:38 (38)
Workload elapsed time (0:1) = 29.648645 seconds
copy 0 finished @ Thu Dec 10 13:31:28 2009.  Total elapsed time: 29.648645
comparing files in '/home/dave/Spec2006/dvd/benchspec/CPU2006/434.zeusmp/run/run_base_test_amd64-m64-gcc42-nn.0000'
comparing 'tsl000aa' with abstol=0.001, binary=, calctol=0, cw=, floatcompare=, ignorecase=, obiwan=, reltol=0.001, skipabstol=, skipobiwan=, skipreltol=, skiptol=
Specinvoke: /home/dave/Spec2006/dvd/bin/specinvoke -E -d /home/dave/Spec2006/dvd/benchspec/CPU2006/434.zeusmp/run/run_base_test_amd64-m64-gcc42-nn.0000 -c 1 -e compare.err -o compare.stdout -f compare.cmd
Issuing command '/home/dave/Spec2006/dvd/bin/specinvoke -E -d /home/dave/Spec2006/dvd/benchspec/CPU2006/434.zeusmp/run/run_base_test_amd64-m64-gcc42-nn.0000 -c 1 -e compare.err -o compare.stdout -f compare.cmd'
Start command: Thu Dec 10 13:31:36 2009 (1260473496)
Stop command: Thu Dec 10 13:31:38 2009 (1260473498)
Elapsed time for command: 00:00:02 (2)
Benchmark Times:
  Start:    Thu Dec 10 13:30:58 2009 (1260473458)
  Stop:     Thu Dec 10 13:31:36 2009 (1260473496)
  Elapsed:  00:00:38 (38)
  Reported: 29 648733000 29.648733
 Success 434.zeusmp base test ratio=-0.00, runtime=29.648733

-----------------------------------
  Running 435.gromacs test base amd64-m64-gcc42-nn default
Commands to run: 
    -C /home/dave/Spec2006/dvd/benchspec/CPU2006/435.gromacs/run/run_base_test_amd64-m64-gcc42-nn.0000
    -e gromacs.err ../run_base_test_amd64-m64-gcc42-nn.0000/gromacs_base.amd64-m64-gcc42-nn -silent -deffnm gromacs -nice 0
Specinvoke: /home/dave/Spec2006/dvd/bin/specinvoke -d /home/dave/Spec2006/dvd/benchspec/CPU2006/435.gromacs/run/run_base_test_amd64-m64-gcc42-nn.0000 -e speccmds.err -o speccmds.stdout -f speccmds.cmd -C
Issuing command '/home/dave/Spec2006/dvd/bin/specinvoke -d /home/dave/Spec2006/dvd/benchspec/CPU2006/435.gromacs/run/run_base_test_amd64-m64-gcc42-nn.0000 -e speccmds.err -o speccmds.stdout -f speccmds.cmd -C'
Start command: Thu Dec 10 13:31:38 2009 (1260473498)
Stop command: Thu Dec 10 13:31:44 2009 (1260473504)
Elapsed time for command: 00:00:06 (6)
Workload elapsed time (0:1) = 1.921202 seconds
copy 0 finished @ Thu Dec 10 13:31:40 2009.  Total elapsed time: 1.921202
comparing files in '/home/dave/Spec2006/dvd/benchspec/CPU2006/435.gromacs/run/run_base_test_amd64-m64-gcc42-nn.0000'
comparing 'gromacs.out' with abstol=, binary=, calctol=0, cw=, floatcompare=, ignorecase=, obiwan=, reltol=0.0125, skipabstol=, skipobiwan=, skipreltol=, skiptol=
Specinvoke: /home/dave/Spec2006/dvd/bin/specinvoke -E -d /home/dave/Spec2006/dvd/benchspec/CPU2006/435.gromacs/run/run_base_test_amd64-m64-gcc42-nn.0000 -c 1 -e compare.err -o compare.stdout -f compare.cmd
Issuing command '/home/dave/Spec2006/dvd/bin/specinvoke -E -d /home/dave/Spec2006/dvd/benchspec/CPU2006/435.gromacs/run/run_base_test_amd64-m64-gcc42-nn.0000 -c 1 -e compare.err -o compare.stdout -f compare.cmd'
Start command: Thu Dec 10 13:31:44 2009 (1260473504)
Stop command: Thu Dec 10 13:31:46 2009 (1260473506)
Elapsed time for command: 00:00:02 (2)
Benchmark Times:
  Start:    Thu Dec 10 13:31:38 2009 (1260473498)
  Stop:     Thu Dec 10 13:31:44 2009 (1260473504)
  Elapsed:  00:00:06 (6)
  Reported: 1 921310000 1.92131
 Success 435.gromacs base test ratio=-0.00, runtime=1.921310

-----------------------------------
  Running 436.cactusADM test base amd64-m64-gcc42-nn default
Commands to run: 
    -C /home/dave/Spec2006/dvd/benchspec/CPU2006/436.cactusADM/run/run_base_test_amd64-m64-gcc42-nn.0000
    -o benchADM.out -e benchADM.err ../run_base_test_amd64-m64-gcc42-nn.0000/cactusADM_base.amd64-m64-gcc42-nn benchADM.par
Specinvoke: /home/dave/Spec2006/dvd/bin/specinvoke -d /home/dave/Spec2006/dvd/benchspec/CPU2006/436.cactusADM/run/run_base_test_amd64-m64-gcc42-nn.0000 -e speccmds.err -o speccmds.stdout -f speccmds.cmd -C
Issuing command '/home/dave/Spec2006/dvd/bin/specinvoke -d /home/dave/Spec2006/dvd/benchspec/CPU2006/436.cactusADM/run/run_base_test_amd64-m64-gcc42-nn.0000 -e speccmds.err -o speccmds.stdout -f speccmds.cmd -C'
Start command: Thu Dec 10 13:31:46 2009 (1260473506)
Stop command: Thu Dec 10 13:31:59 2009 (1260473519)
Elapsed time for command: 00:00:13 (13)
Workload elapsed time (0:1) = 5.573928 seconds
copy 0 finished @ Thu Dec 10 13:31:51 2009.  Total elapsed time: 5.573928
comparing files in '/home/dave/Spec2006/dvd/benchspec/CPU2006/436.cactusADM/run/run_base_test_amd64-m64-gcc42-nn.0000'
comparing 'benchADM.out' with abstol=, binary=, calctol=0, cw=, floatcompare=1, ignorecase=, obiwan=, reltol=, skipabstol=, skipobiwan=, skipreltol=, skiptol=
Specinvoke: /home/dave/Spec2006/dvd/bin/specinvoke -E -d /home/dave/Spec2006/dvd/benchspec/CPU2006/436.cactusADM/run/run_base_test_amd64-m64-gcc42-nn.0000 -c 1 -e compare.err -o compare.stdout -f compare.cmd
Issuing command '/home/dave/Spec2006/dvd/bin/specinvoke -E -d /home/dave/Spec2006/dvd/benchspec/CPU2006/436.cactusADM/run/run_base_test_amd64-m64-gcc42-nn.0000 -c 1 -e compare.err -o compare.stdout -f compare.cmd'
Start command: Thu Dec 10 13:31:59 2009 (1260473519)
Stop command: Thu Dec 10 13:32:02 2009 (1260473522)
Elapsed time for command: 00:00:03 (3)
Benchmark Times:
  Start:    Thu Dec 10 13:31:46 2009 (1260473506)
  Stop:     Thu Dec 10 13:31:59 2009 (1260473519)
  Elapsed:  00:00:13 (13)
  Reported: 5 574028000 5.574028
 Success 436.cactusADM base test ratio=-0.00, runtime=5.574028

-----------------------------------
  Running 437.leslie3d test base amd64-m64-gcc42-nn default
Commands to run: 
    -C /home/dave/Spec2006/dvd/benchspec/CPU2006/437.leslie3d/run/run_base_test_amd64-m64-gcc42-nn.0000
    -i leslie3d.in -o leslie3d.stdout -e leslie3d.err ../run_base_test_amd64-m64-gcc42-nn.0000/leslie3d_base.amd64-m64-gcc42-nn
Specinvoke: /home/dave/Spec2006/dvd/bin/specinvoke -d /home/dave/Spec2006/dvd/benchspec/CPU2006/437.leslie3d/run/run_base_test_amd64-m64-gcc42-nn.0000 -e speccmds.err -o speccmds.stdout -f speccmds.cmd -C
Issuing command '/home/dave/Spec2006/dvd/bin/specinvoke -d /home/dave/Spec2006/dvd/benchspec/CPU2006/437.leslie3d/run/run_base_test_amd64-m64-gcc42-nn.0000 -e speccmds.err -o speccmds.stdout -f speccmds.cmd -C'
Start command: Thu Dec 10 13:32:02 2009 (1260473522)
Stop command: Thu Dec 10 13:32:28 2009 (1260473548)
Elapsed time for command: 00:00:26 (26)
Workload elapsed time (0:1) = 18.61737 seconds
copy 0 finished @ Thu Dec 10 13:32:20 2009.  Total elapsed time: 18.61737
comparing files in '/home/dave/Spec2006/dvd/benchspec/CPU2006/437.leslie3d/run/run_base_test_amd64-m64-gcc42-nn.0000'
comparing 'leslie3d.out' with abstol=, binary=, calctol=0, cw=, floatcompare=1, ignorecase=, obiwan=, reltol=, skipabstol=, skipobiwan=, skipreltol=, skiptol=
Specinvoke: /home/dave/Spec2006/dvd/bin/specinvoke -E -d /home/dave/Spec2006/dvd/benchspec/CPU2006/437.leslie3d/run/run_base_test_amd64-m64-gcc42-nn.0000 -c 1 -e compare.err -o compare.stdout -f compare.cmd
Issuing command '/home/dave/Spec2006/dvd/bin/specinvoke -E -d /home/dave/Spec2006/dvd/benchspec/CPU2006/437.leslie3d/run/run_base_test_amd64-m64-gcc42-nn.0000 -c 1 -e compare.err -o compare.stdout -f compare.cmd'
Start command: Thu Dec 10 13:32:28 2009 (1260473548)
Stop command: Thu Dec 10 13:32:30 2009 (1260473550)
Elapsed time for command: 00:00:02 (2)
Benchmark Times:
  Start:    Thu Dec 10 13:32:02 2009 (1260473522)
  Stop:     Thu Dec 10 13:32:28 2009 (1260473548)
  Elapsed:  00:00:26 (26)
  Reported: 18 617458000 18.617458
 Success 437.leslie3d base test ratio=-0.00, runtime=18.617458

-----------------------------------
  Running 444.namd test base amd64-m64-gcc42-nn default
Commands to run: 
    -C /home/dave/Spec2006/dvd/benchspec/CPU2006/444.namd/run/run_base_test_amd64-m64-gcc42-nn.0000
    -o namd.stdout -e namd.err ../run_base_test_amd64-m64-gcc42-nn.0000/namd_base.amd64-m64-gcc42-nn --input namd.input --iterations 1 --output namd.out 
Specinvoke: /home/dave/Spec2006/dvd/bin/specinvoke -d /home/dave/Spec2006/dvd/benchspec/CPU2006/444.namd/run/run_base_test_amd64-m64-gcc42-nn.0000 -e speccmds.err -o speccmds.stdout -f speccmds.cmd -C
Issuing command '/home/dave/Spec2006/dvd/bin/specinvoke -d /home/dave/Spec2006/dvd/benchspec/CPU2006/444.namd/run/run_base_test_amd64-m64-gcc42-nn.0000 -e speccmds.err -o speccmds.stdout -f speccmds.cmd -C'
Start command: Thu Dec 10 13:32:30 2009 (1260473550)
Stop command: Thu Dec 10 13:33:00 2009 (1260473580)
Elapsed time for command: 00:00:30 (30)
Workload elapsed time (0:1) = 21.146828 seconds
copy 0 finished @ Thu Dec 10 13:32:52 2009.  Total elapsed time: 21.146828
comparing files in '/home/dave/Spec2006/dvd/benchspec/CPU2006/444.namd/run/run_base_test_amd64-m64-gcc42-nn.0000'
comparing 'namd.out' with abstol=1e-05, binary=, calctol=0, cw=, floatcompare=, ignorecase=, obiwan=, reltol=, skipabstol=, skipobiwan=, skipreltol=, skiptol=
Specinvoke: /home/dave/Spec2006/dvd/bin/specinvoke -E -d /home/dave/Spec2006/dvd/benchspec/CPU2006/444.namd/run/run_base_test_amd64-m64-gcc42-nn.0000 -c 1 -e compare.err -o compare.stdout -f compare.cmd
Issuing command '/home/dave/Spec2006/dvd/bin/specinvoke -E -d /home/dave/Spec2006/dvd/benchspec/CPU2006/444.namd/run/run_base_test_amd64-m64-gcc42-nn.0000 -c 1 -e compare.err -o compare.stdout -f compare.cmd'
Start command: Thu Dec 10 13:33:00 2009 (1260473580)
Stop command: Thu Dec 10 13:33:02 2009 (1260473582)
Elapsed time for command: 00:00:02 (2)
Benchmark Times:
  Start:    Thu Dec 10 13:32:30 2009 (1260473550)
  Stop:     Thu Dec 10 13:33:00 2009 (1260473580)
  Elapsed:  00:00:30 (30)
  Reported: 21 146931000 21.146931
 Success 444.namd base test ratio=-0.00, runtime=21.146931

-----------------------------------
  Running 445.gobmk test base amd64-m64-gcc42-nn default
Commands to run: 
    -C /home/dave/Spec2006/dvd/benchspec/CPU2006/445.gobmk/run/run_base_test_amd64-m64-gcc42-nn.0000
    -i capture.tst -o capture.out -e capture.err ../run_base_test_amd64-m64-gcc42-nn.0000/gobmk_base.amd64-m64-gcc42-nn --quiet --mode gtp
    -i connect.tst -o connect.out -e connect.err ../run_base_test_amd64-m64-gcc42-nn.0000/gobmk_base.amd64-m64-gcc42-nn --quiet --mode gtp
    -i connect_rot.tst -o connect_rot.out -e connect_rot.err ../run_base_test_amd64-m64-gcc42-nn.0000/gobmk_base.amd64-m64-gcc42-nn --quiet --mode gtp
    -i connection.tst -o connection.out -e connection.err ../run_base_test_amd64-m64-gcc42-nn.0000/gobmk_base.amd64-m64-gcc42-nn --quiet --mode gtp
    -i connection_rot.tst -o connection_rot.out -e connection_rot.err ../run_base_test_amd64-m64-gcc42-nn.0000/gobmk_base.amd64-m64-gcc42-nn --quiet --mode gtp
    -i cutstone.tst -o cutstone.out -e cutstone.err ../run_base_test_amd64-m64-gcc42-nn.0000/gobmk_base.amd64-m64-gcc42-nn --quiet --mode gtp
    -i dniwog.tst -o dniwog.out -e dniwog.err ../run_base_test_amd64-m64-gcc42-nn.0000/gobmk_base.amd64-m64-gcc42-nn --quiet --mode gtp
Specinvoke: /home/dave/Spec2006/dvd/bin/specinvoke -d /home/dave/Spec2006/dvd/benchspec/CPU2006/445.gobmk/run/run_base_test_amd64-m64-gcc42-nn.0000 -e speccmds.err -o speccmds.stdout -f speccmds.cmd -C
Issuing command '/home/dave/Spec2006/dvd/bin/specinvoke -d /home/dave/Spec2006/dvd/benchspec/CPU2006/445.gobmk/run/run_base_test_amd64-m64-gcc42-nn.0000 -e speccmds.err -o speccmds.stdout -f speccmds.cmd -C'
Start command: Thu Dec 10 13:33:02 2009 (1260473582)
Stop command: Thu Dec 10 13:33:39 2009 (1260473619)
Elapsed time for command: 00:00:37 (37)
Workload elapsed time (0:1) = 0.3144 seconds
Workload elapsed time (0:2) = 2.150138 seconds
Workload elapsed time (0:3) = 0.090631 seconds
Workload elapsed time (0:4) = 6.931122 seconds
Workload elapsed time (0:5) = 0.095989 seconds
Workload elapsed time (0:6) = 0.417906 seconds
Workload elapsed time (0:7) = 18.949348 seconds
copy 0 finished @ Thu Dec 10 13:33:31 2009.  Total elapsed time: 28.949534
comparing files in '/home/dave/Spec2006/dvd/benchspec/CPU2006/445.gobmk/run/run_base_test_amd64-m64-gcc42-nn.0000'
comparing 'capture.out' with abstol=, binary=, calctol=0, cw=, floatcompare=, ignorecase=, obiwan=, reltol=, skipabstol=, skipobiwan=, skipreltol=, skiptol=
comparing 'connect.out' with abstol=, binary=, calctol=0, cw=, floatcompare=, ignorecase=, obiwan=, reltol=, skipabstol=, skipobiwan=, skipreltol=, skiptol=
comparing 'connect_rot.out' with abstol=, binary=, calctol=0, cw=, floatcompare=, ignorecase=, obiwan=, reltol=, skipabstol=, skipobiwan=, skipreltol=, skiptol=
comparing 'connection.out' with abstol=, binary=, calctol=0, cw=, floatcompare=, ignorecase=, obiwan=, reltol=, skipabstol=, skipobiwan=, skipreltol=, skiptol=
comparing 'connection_rot.out' with abstol=, binary=, calctol=0, cw=, floatcompare=, ignorecase=, obiwan=, reltol=, skipabstol=, skipobiwan=, skipreltol=, skiptol=
comparing 'cutstone.out' with abstol=, binary=, calctol=0, cw=, floatcompare=, ignorecase=, obiwan=, reltol=, skipabstol=, skipobiwan=, skipreltol=, skiptol=
comparing 'dniwog.out' with abstol=, binary=, calctol=0, cw=, floatcompare=, ignorecase=, obiwan=, reltol=, skipabstol=, skipobiwan=, skipreltol=, skiptol=
Specinvoke: /home/dave/Spec2006/dvd/bin/specinvoke -E -d /home/dave/Spec2006/dvd/benchspec/CPU2006/445.gobmk/run/run_base_test_amd64-m64-gcc42-nn.0000 -c 1 -e compare.err -o compare.stdout -f compare.cmd
Issuing command '/home/dave/Spec2006/dvd/bin/specinvoke -E -d /home/dave/Spec2006/dvd/benchspec/CPU2006/445.gobmk/run/run_base_test_amd64-m64-gcc42-nn.0000 -c 1 -e compare.err -o compare.stdout -f compare.cmd'
Start command: Thu Dec 10 13:33:39 2009 (1260473619)
Stop command: Thu Dec 10 13:33:42 2009 (1260473622)
Elapsed time for command: 00:00:03 (3)
Benchmark Times:
  Start:    Thu Dec 10 13:33:02 2009 (1260473582)
  Stop:     Thu Dec 10 13:33:39 2009 (1260473619)
  Elapsed:  00:00:37 (37)
  Reported: 28 949726000 28.949726
 Success 445.gobmk base test ratio=-0.00, runtime=28.949726

-----------------------------------
  Running 450.soplex test base amd64-m64-gcc42-nn default
Commands to run: 
    -C /home/dave/Spec2006/dvd/benchspec/CPU2006/450.soplex/run/run_base_test_amd64-m64-gcc42-nn.0000
    -o test.out -e test.stderr ../run_base_test_amd64-m64-gcc42-nn.0000/soplex_base.amd64-m64-gcc42-nn -m10000 test.mps
Specinvoke: /home/dave/Spec2006/dvd/bin/specinvoke -d /home/dave/Spec2006/dvd/benchspec/CPU2006/450.soplex/run/run_base_test_amd64-m64-gcc42-nn.0000 -e speccmds.err -o speccmds.stdout -f speccmds.cmd -C
Issuing command '/home/dave/Spec2006/dvd/bin/specinvoke -d /home/dave/Spec2006/dvd/benchspec/CPU2006/450.soplex/run/run_base_test_amd64-m64-gcc42-nn.0000 -e speccmds.err -o speccmds.stdout -f speccmds.cmd -C'
Start command: Thu Dec 10 13:33:42 2009 (1260473622)
Stop command: Thu Dec 10 13:33:44 2009 (1260473624)
Elapsed time for command: 00:00:02 (2)
Workload elapsed time (0:1) = 0.027833 seconds
copy 0 finished @ Thu Dec 10 13:33:42 2009.  Total elapsed time: 0.027833
comparing files in '/home/dave/Spec2006/dvd/benchspec/CPU2006/450.soplex/run/run_base_test_amd64-m64-gcc42-nn.0000'
comparing 'test.out' with abstol=1e-05, binary=, calctol=0, cw=, floatcompare=, ignorecase=, obiwan=1, reltol=0.0001, skipabstol=, skipobiwan=, skipreltol=, skiptol=
comparing 'test.stderr' with abstol=20, binary=, calctol=0, cw=, floatcompare=, ignorecase=, obiwan=1, reltol=10, skipabstol=, skipobiwan=, skipreltol=, skiptol=
Specinvoke: /home/dave/Spec2006/dvd/bin/specinvoke -E -d /home/dave/Spec2006/dvd/benchspec/CPU2006/450.soplex/run/run_base_test_amd64-m64-gcc42-nn.0000 -c 1 -e compare.err -o compare.stdout -f compare.cmd
Issuing command '/home/dave/Spec2006/dvd/bin/specinvoke -E -d /home/dave/Spec2006/dvd/benchspec/CPU2006/450.soplex/run/run_base_test_amd64-m64-gcc42-nn.0000 -c 1 -e compare.err -o compare.stdout -f compare.cmd'
Start command: Thu Dec 10 13:33:44 2009 (1260473624)
Stop command: Thu Dec 10 13:33:46 2009 (1260473626)
Elapsed time for command: 00:00:02 (2)
Benchmark Times:
  Start:    Thu Dec 10 13:33:42 2009 (1260473622)
  Stop:     Thu Dec 10 13:33:44 2009 (1260473624)
  Elapsed:  00:00:02 (2)
  Reported: 0 27923000 0.027923
 Success 450.soplex base test ratio=-0.00, runtime=0.027923

-----------------------------------
  Running 453.povray test base amd64-m64-gcc42-nn default
Commands to run: 
    -C /home/dave/Spec2006/dvd/benchspec/CPU2006/453.povray/run/run_base_test_amd64-m64-gcc42-nn.0000
    -o SPEC-benchmark-test.stdout -e SPEC-benchmark-test.stderr ../run_base_test_amd64-m64-gcc42-nn.0000/povray_base.amd64-m64-gcc42-nn SPEC-benchmark-test.ini
Specinvoke: /home/dave/Spec2006/dvd/bin/specinvoke -d /home/dave/Spec2006/dvd/benchspec/CPU2006/453.povray/run/run_base_test_amd64-m64-gcc42-nn.0000 -e speccmds.err -o speccmds.stdout -f speccmds.cmd -C
Issuing command '/home/dave/Spec2006/dvd/bin/specinvoke -d /home/dave/Spec2006/dvd/benchspec/CPU2006/453.povray/run/run_base_test_amd64-m64-gcc42-nn.0000 -e speccmds.err -o speccmds.stdout -f speccmds.cmd -C'
Start command: Thu Dec 10 13:33:46 2009 (1260473626)
Stop command: Thu Dec 10 13:33:51 2009 (1260473631)
Elapsed time for command: 00:00:05 (5)
Workload elapsed time (0:1) = 1.019821 seconds
copy 0 finished @ Thu Dec 10 13:33:47 2009.  Total elapsed time: 1.019821
comparing files in '/home/dave/Spec2006/dvd/benchspec/CPU2006/453.povray/run/run_base_test_amd64-m64-gcc42-nn.0000'
comparing 'SPEC-benchmark.log' with abstol=0, binary=, calctol=0, cw=, floatcompare=, ignorecase=, obiwan=, reltol=0.0002, skipabstol=, skipobiwan=, skipreltol=, skiptol=
comparing 'SPEC-benchmark.tga' with abstol=0, binary=1, calctol=0, cw=, floatcompare=, ignorecase=, obiwan=, reltol=0.0002, skipabstol=, skipobiwan=, skipreltol=, skiptol=50
Specinvoke: /home/dave/Spec2006/dvd/bin/specinvoke -E -d /home/dave/Spec2006/dvd/benchspec/CPU2006/453.povray/run/run_base_test_amd64-m64-gcc42-nn.0000 -c 1 -e compare.err -o compare.stdout -f compare.cmd
Issuing command '/home/dave/Spec2006/dvd/bin/specinvoke -E -d /home/dave/Spec2006/dvd/benchspec/CPU2006/453.povray/run/run_base_test_amd64-m64-gcc42-nn.0000 -c 1 -e compare.err -o compare.stdout -f compare.cmd'
Start command: Thu Dec 10 13:33:51 2009 (1260473631)
Stop command: Thu Dec 10 13:33:53 2009 (1260473633)
Elapsed time for command: 00:00:02 (2)
Benchmark Times:
  Start:    Thu Dec 10 13:33:46 2009 (1260473626)
  Stop:     Thu Dec 10 13:33:51 2009 (1260473631)
  Elapsed:  00:00:05 (5)
  Reported: 1 19924000 1.019924
 Success 453.povray base test ratio=-0.00, runtime=1.019924

-----------------------------------
  Running 454.calculix test base amd64-m64-gcc42-nn default
Commands to run: 
    -C /home/dave/Spec2006/dvd/benchspec/CPU2006/454.calculix/run/run_base_test_amd64-m64-gcc42-nn.0000
    -o beampic.log -e beampic.err ../run_base_test_amd64-m64-gcc42-nn.0000/calculix_base.amd64-m64-gcc42-nn -i  beampic
Specinvoke: /home/dave/Spec2006/dvd/bin/specinvoke -d /home/dave/Spec2006/dvd/benchspec/CPU2006/454.calculix/run/run_base_test_amd64-m64-gcc42-nn.0000 -e speccmds.err -o speccmds.stdout -f speccmds.cmd -C
Issuing command '/home/dave/Spec2006/dvd/bin/specinvoke -d /home/dave/Spec2006/dvd/benchspec/CPU2006/454.calculix/run/run_base_test_amd64-m64-gcc42-nn.0000 -e speccmds.err -o speccmds.stdout -f speccmds.cmd -C'
Start command: Thu Dec 10 13:33:53 2009 (1260473633)
Stop command: Thu Dec 10 13:33:56 2009 (1260473636)
Elapsed time for command: 00:00:03 (3)
Workload elapsed time (0:1) = 0.065249 seconds
copy 0 finished @ Thu Dec 10 13:33:54 2009.  Total elapsed time: 0.065249
comparing files in '/home/dave/Spec2006/dvd/benchspec/CPU2006/454.calculix/run/run_base_test_amd64-m64-gcc42-nn.0000'
comparing 'SPECtestformatmodifier_z.txt' with abstol=1e-09, binary=, calctol=0, cw=, floatcompare=, ignorecase=, obiwan=1, reltol=1e-09, skipabstol=, skipobiwan=, skipreltol=, skiptol=
comparing 'beampic.dat' with abstol=1e-09, binary=, calctol=0, cw=, floatcompare=, ignorecase=, obiwan=1, reltol=1e-09, skipabstol=, skipobiwan=, skipreltol=, skiptol=
Specinvoke: /home/dave/Spec2006/dvd/bin/specinvoke -E -d /home/dave/Spec2006/dvd/benchspec/CPU2006/454.calculix/run/run_base_test_amd64-m64-gcc42-nn.0000 -c 1 -e compare.err -o compare.stdout -f compare.cmd
Issuing command '/home/dave/Spec2006/dvd/bin/specinvoke -E -d /home/dave/Spec2006/dvd/benchspec/CPU2006/454.calculix/run/run_base_test_amd64-m64-gcc42-nn.0000 -c 1 -e compare.err -o compare.stdout -f compare.cmd'
Start command: Thu Dec 10 13:33:56 2009 (1260473636)
Stop command: Thu Dec 10 13:33:58 2009 (1260473638)
Elapsed time for command: 00:00:02 (2)
Benchmark Times:
  Start:    Thu Dec 10 13:33:53 2009 (1260473633)
  Stop:     Thu Dec 10 13:33:56 2009 (1260473636)
  Elapsed:  00:00:03 (3)
  Reported: 0 65339000 0.065339
 Success 454.calculix base test ratio=-0.00, runtime=0.065339

-----------------------------------
  Running 456.hmmer test base amd64-m64-gcc42-nn default
Commands to run: 
    -C /home/dave/Spec2006/dvd/benchspec/CPU2006/456.hmmer/run/run_base_test_amd64-m64-gcc42-nn.0000
    -o bombesin.out -e bombesin.err ../run_base_test_amd64-m64-gcc42-nn.0000/hmmer_base.amd64-m64-gcc42-nn --fixed 0 --mean 325 --num 45000 --sd 200 --seed 0 bombesin.hmm
Specinvoke: /home/dave/Spec2006/dvd/bin/specinvoke -d /home/dave/Spec2006/dvd/benchspec/CPU2006/456.hmmer/run/run_base_test_amd64-m64-gcc42-nn.0000 -e speccmds.err -o speccmds.stdout -f speccmds.cmd -C
Issuing command '/home/dave/Spec2006/dvd/bin/specinvoke -d /home/dave/Spec2006/dvd/benchspec/CPU2006/456.hmmer/run/run_base_test_amd64-m64-gcc42-nn.0000 -e speccmds.err -o speccmds.stdout -f speccmds.cmd -C'
Start command: Thu Dec 10 13:33:58 2009 (1260473638)
Stop command: Thu Dec 10 13:34:10 2009 (1260473650)
Elapsed time for command: 00:00:12 (12)
Workload elapsed time (0:1) = 4.658103 seconds
copy 0 finished @ Thu Dec 10 13:34:02 2009.  Total elapsed time: 4.658103
comparing files in '/home/dave/Spec2006/dvd/benchspec/CPU2006/456.hmmer/run/run_base_test_amd64-m64-gcc42-nn.0000'
comparing 'bombesin.out' with abstol=1e-05, binary=, calctol=0, cw=, floatcompare=, ignorecase=, obiwan=, reltol=0.002, skipabstol=, skipobiwan=, skipreltol=, skiptol=10
Specinvoke: /home/dave/Spec2006/dvd/bin/specinvoke -E -d /home/dave/Spec2006/dvd/benchspec/CPU2006/456.hmmer/run/run_base_test_amd64-m64-gcc42-nn.0000 -c 1 -e compare.err -o compare.stdout -f compare.cmd
Issuing command '/home/dave/Spec2006/dvd/bin/specinvoke -E -d /home/dave/Spec2006/dvd/benchspec/CPU2006/456.hmmer/run/run_base_test_amd64-m64-gcc42-nn.0000 -c 1 -e compare.err -o compare.stdout -f compare.cmd'
Start command: Thu Dec 10 13:34:11 2009 (1260473651)
Stop command: Thu Dec 10 13:34:13 2009 (1260473653)
Elapsed time for command: 00:00:02 (2)
Benchmark Times:
  Start:    Thu Dec 10 13:33:58 2009 (1260473638)
  Stop:     Thu Dec 10 13:34:10 2009 (1260473650)
  Elapsed:  00:00:12 (12)
  Reported: 4 658184000 4.658184
 Success 456.hmmer base test ratio=-0.00, runtime=4.658184

-----------------------------------
  Running 458.sjeng test base amd64-m64-gcc42-nn default
Commands to run: 
    -C /home/dave/Spec2006/dvd/benchspec/CPU2006/458.sjeng/run/run_base_test_amd64-m64-gcc42-nn.0000
    -o test.out -e test.err ../run_base_test_amd64-m64-gcc42-nn.0000/sjeng_base.amd64-m64-gcc42-nn test.txt
Specinvoke: /home/dave/Spec2006/dvd/bin/specinvoke -d /home/dave/Spec2006/dvd/benchspec/CPU2006/458.sjeng/run/run_base_test_amd64-m64-gcc42-nn.0000 -e speccmds.err -o speccmds.stdout -f speccmds.cmd -C
Issuing command '/home/dave/Spec2006/dvd/bin/specinvoke -d /home/dave/Spec2006/dvd/benchspec/CPU2006/458.sjeng/run/run_base_test_amd64-m64-gcc42-nn.0000 -e speccmds.err -o speccmds.stdout -f speccmds.cmd -C'
Start command: Thu Dec 10 13:34:13 2009 (1260473653)
Stop command: Thu Dec 10 13:34:27 2009 (1260473667)
Elapsed time for command: 00:00:14 (14)
Workload elapsed time (0:1) = 6.295761 seconds
copy 0 finished @ Thu Dec 10 13:34:19 2009.  Total elapsed time: 6.295761
comparing files in '/home/dave/Spec2006/dvd/benchspec/CPU2006/458.sjeng/run/run_base_test_amd64-m64-gcc42-nn.0000'
comparing 'test.out' with abstol=, binary=, calctol=0, cw=, floatcompare=, ignorecase=, obiwan=, reltol=, skipabstol=, skipobiwan=, skipreltol=, skiptol=
Specinvoke: /home/dave/Spec2006/dvd/bin/specinvoke -E -d /home/dave/Spec2006/dvd/benchspec/CPU2006/458.sjeng/run/run_base_test_amd64-m64-gcc42-nn.0000 -c 1 -e compare.err -o compare.stdout -f compare.cmd
Issuing command '/home/dave/Spec2006/dvd/bin/specinvoke -E -d /home/dave/Spec2006/dvd/benchspec/CPU2006/458.sjeng/run/run_base_test_amd64-m64-gcc42-nn.0000 -c 1 -e compare.err -o compare.stdout -f compare.cmd'
Start command: Thu Dec 10 13:34:27 2009 (1260473667)
Stop command: Thu Dec 10 13:34:29 2009 (1260473669)
Elapsed time for command: 00:00:02 (2)
Benchmark Times:
  Start:    Thu Dec 10 13:34:13 2009 (1260473653)
  Stop:     Thu Dec 10 13:34:27 2009 (1260473667)
  Elapsed:  00:00:14 (14)
  Reported: 6 295869000 6.295869
 Success 458.sjeng base test ratio=-0.00, runtime=6.295869

-----------------------------------
  Running 459.GemsFDTD test base amd64-m64-gcc42-nn default
Commands to run: 
    -C /home/dave/Spec2006/dvd/benchspec/CPU2006/459.GemsFDTD/run/run_base_test_amd64-m64-gcc42-nn.0000
    -o test.log -e test.err ../run_base_test_amd64-m64-gcc42-nn.0000/GemsFDTD_base.amd64-m64-gcc42-nn
Specinvoke: /home/dave/Spec2006/dvd/bin/specinvoke -d /home/dave/Spec2006/dvd/benchspec/CPU2006/459.GemsFDTD/run/run_base_test_amd64-m64-gcc42-nn.0000 -e speccmds.err -o speccmds.stdout -f speccmds.cmd -C
Issuing command '/home/dave/Spec2006/dvd/bin/specinvoke -d /home/dave/Spec2006/dvd/benchspec/CPU2006/459.GemsFDTD/run/run_base_test_amd64-m64-gcc42-nn.0000 -e speccmds.err -o speccmds.stdout -f speccmds.cmd -C'
Start command: Thu Dec 10 13:34:29 2009 (1260473669)
Stop command: Thu Dec 10 13:34:42 2009 (1260473682)
Elapsed time for command: 00:00:13 (13)
Workload elapsed time (0:1) = 4.413794 seconds
copy 0 finished @ Thu Dec 10 13:34:34 2009.  Total elapsed time: 4.413794
comparing files in '/home/dave/Spec2006/dvd/benchspec/CPU2006/459.GemsFDTD/run/run_base_test_amd64-m64-gcc42-nn.0000'
comparing 'sphere_td.nft' with abstol=1e-10, binary=, calctol=0, cw=, floatcompare=, ignorecase=, obiwan=1, reltol=1e-09, skipabstol=, skipobiwan=, skipreltol=, skiptol=
Specinvoke: /home/dave/Spec2006/dvd/bin/specinvoke -E -d /home/dave/Spec2006/dvd/benchspec/CPU2006/459.GemsFDTD/run/run_base_test_amd64-m64-gcc42-nn.0000 -c 1 -e compare.err -o compare.stdout -f compare.cmd
Issuing command '/home/dave/Spec2006/dvd/bin/specinvoke -E -d /home/dave/Spec2006/dvd/benchspec/CPU2006/459.GemsFDTD/run/run_base_test_amd64-m64-gcc42-nn.0000 -c 1 -e compare.err -o compare.stdout -f compare.cmd'
Start command: Thu Dec 10 13:34:42 2009 (1260473682)
Stop command: Thu Dec 10 13:34:44 2009 (1260473684)
Elapsed time for command: 00:00:02 (2)
Benchmark Times:
  Start:    Thu Dec 10 13:34:29 2009 (1260473669)
  Stop:     Thu Dec 10 13:34:42 2009 (1260473682)
  Elapsed:  00:00:13 (13)
  Reported: 4 413906000 4.413906
 Success 459.GemsFDTD base test ratio=-0.00, runtime=4.413906

-----------------------------------
  Running 462.libquantum test base amd64-m64-gcc42-nn default
Commands to run: 
    -C /home/dave/Spec2006/dvd/benchspec/CPU2006/462.libquantum/run/run_base_test_amd64-m64-gcc42-nn.0000
    -o test.out -e test.err ../run_base_test_amd64-m64-gcc42-nn.0000/libquantum_base.amd64-m64-gcc42-nn 33 5
Specinvoke: /home/dave/Spec2006/dvd/bin/specinvoke -d /home/dave/Spec2006/dvd/benchspec/CPU2006/462.libquantum/run/run_base_test_amd64-m64-gcc42-nn.0000 -e speccmds.err -o speccmds.stdout -f speccmds.cmd -C
Issuing command '/home/dave/Spec2006/dvd/bin/specinvoke -d /home/dave/Spec2006/dvd/benchspec/CPU2006/462.libquantum/run/run_base_test_amd64-m64-gcc42-nn.0000 -e speccmds.err -o speccmds.stdout -f speccmds.cmd -C'
Start command: Thu Dec 10 13:34:44 2009 (1260473684)
Stop command: Thu Dec 10 13:34:46 2009 (1260473686)
Elapsed time for command: 00:00:02 (2)
Workload elapsed time (0:1) = 0.060638 seconds
copy 0 finished @ Thu Dec 10 13:34:44 2009.  Total elapsed time: 0.060638
comparing files in '/home/dave/Spec2006/dvd/benchspec/CPU2006/462.libquantum/run/run_base_test_amd64-m64-gcc42-nn.0000'
comparing 'test.out' with abstol=, binary=, calctol=0, cw=, floatcompare=, ignorecase=, obiwan=1, reltol=, skipabstol=, skipobiwan=, skipreltol=, skiptol=
Specinvoke: /home/dave/Spec2006/dvd/bin/specinvoke -E -d /home/dave/Spec2006/dvd/benchspec/CPU2006/462.libquantum/run/run_base_test_amd64-m64-gcc42-nn.0000 -c 1 -e compare.err -o compare.stdout -f compare.cmd
Issuing command '/home/dave/Spec2006/dvd/bin/specinvoke -E -d /home/dave/Spec2006/dvd/benchspec/CPU2006/462.libquantum/run/run_base_test_amd64-m64-gcc42-nn.0000 -c 1 -e compare.err -o compare.stdout -f compare.cmd'
Start command: Thu Dec 10 13:34:46 2009 (1260473686)
Stop command: Thu Dec 10 13:34:48 2009 (1260473688)
Elapsed time for command: 00:00:02 (2)
Benchmark Times:
  Start:    Thu Dec 10 13:34:44 2009 (1260473684)
  Stop:     Thu Dec 10 13:34:46 2009 (1260473686)
  Elapsed:  00:00:02 (2)
  Reported: 0 60726000 0.060726
 Success 462.libquantum base test ratio=-0.00, runtime=0.060726

-----------------------------------
  Running 464.h264ref test base amd64-m64-gcc42-nn default
Commands to run: 
    -C /home/dave/Spec2006/dvd/benchspec/CPU2006/464.h264ref/run/run_base_test_amd64-m64-gcc42-nn.0000
    -o foreman_test_baseline_encodelog.out -e foreman_test_baseline_encodelog.err ../run_base_test_amd64-m64-gcc42-nn.0000/h264ref_base.amd64-m64-gcc42-nn -d foreman_test_encoder_baseline.cfg
Specinvoke: /home/dave/Spec2006/dvd/bin/specinvoke -d /home/dave/Spec2006/dvd/benchspec/CPU2006/464.h264ref/run/run_base_test_amd64-m64-gcc42-nn.0000 -e speccmds.err -o speccmds.stdout -f speccmds.cmd -C
Issuing command '/home/dave/Spec2006/dvd/bin/specinvoke -d /home/dave/Spec2006/dvd/benchspec/CPU2006/464.h264ref/run/run_base_test_amd64-m64-gcc42-nn.0000 -e speccmds.err -o speccmds.stdout -f speccmds.cmd -C'
Start command: Thu Dec 10 13:34:48 2009 (1260473688)
Stop command: Thu Dec 10 13:35:18 2009 (1260473718)
Elapsed time for command: 00:00:30 (30)
Workload elapsed time (0:1) = 22.365602 seconds
copy 0 finished @ Thu Dec 10 13:35:10 2009.  Total elapsed time: 22.365602
comparing files in '/home/dave/Spec2006/dvd/benchspec/CPU2006/464.h264ref/run/run_base_test_amd64-m64-gcc42-nn.0000'
comparing 'foreman_test_baseline_encodelog.out' with abstol=, binary=, calctol=0, cw=1, floatcompare=1, ignorecase=, obiwan=, reltol=, skipabstol=, skipobiwan=, skipreltol=, skiptol=
comparing 'foreman_test_baseline_leakybucketparam.cfg' with abstol=, binary=1, calctol=0, cw=1, floatcompare=1, ignorecase=, obiwan=, reltol=, skipabstol=, skipobiwan=, skipreltol=, skiptol=
Specinvoke: /home/dave/Spec2006/dvd/bin/specinvoke -E -d /home/dave/Spec2006/dvd/benchspec/CPU2006/464.h264ref/run/run_base_test_amd64-m64-gcc42-nn.0000 -c 1 -e compare.err -o compare.stdout -f compare.cmd
Issuing command '/home/dave/Spec2006/dvd/bin/specinvoke -E -d /home/dave/Spec2006/dvd/benchspec/CPU2006/464.h264ref/run/run_base_test_amd64-m64-gcc42-nn.0000 -c 1 -e compare.err -o compare.stdout -f compare.cmd'
Start command: Thu Dec 10 13:35:18 2009 (1260473718)
Stop command: Thu Dec 10 13:35:21 2009 (1260473721)
Elapsed time for command: 00:00:03 (3)
Benchmark Times:
  Start:    Thu Dec 10 13:34:48 2009 (1260473688)
  Stop:     Thu Dec 10 13:35:18 2009 (1260473718)
  Elapsed:  00:00:30 (30)
  Reported: 22 365708000 22.365708
 Success 464.h264ref base test ratio=-0.00, runtime=22.365708

-----------------------------------
  Running 465.tonto test base amd64-m64-gcc42-nn default
Commands to run: 
    -C /home/dave/Spec2006/dvd/benchspec/CPU2006/465.tonto/run/run_base_test_amd64-m64-gcc42-nn.0000
    -o tonto.out -e tonto.err ../run_base_test_amd64-m64-gcc42-nn.0000/tonto_base.amd64-m64-gcc42-nn
Specinvoke: /home/dave/Spec2006/dvd/bin/specinvoke -d /home/dave/Spec2006/dvd/benchspec/CPU2006/465.tonto/run/run_base_test_amd64-m64-gcc42-nn.0000 -e speccmds.err -o speccmds.stdout -f speccmds.cmd -C
Issuing command '/home/dave/Spec2006/dvd/bin/specinvoke -d /home/dave/Spec2006/dvd/benchspec/CPU2006/465.tonto/run/run_base_test_amd64-m64-gcc42-nn.0000 -e speccmds.err -o speccmds.stdout -f speccmds.cmd -C'
Start command: Thu Dec 10 13:35:21 2009 (1260473721)
Stop command: Thu Dec 10 13:35:26 2009 (1260473726)
Elapsed time for command: 00:00:05 (5)
Workload elapsed time (0:1) = 1.216866 seconds
copy 0 finished @ Thu Dec 10 13:35:22 2009.  Total elapsed time: 1.216866
comparing files in '/home/dave/Spec2006/dvd/benchspec/CPU2006/465.tonto/run/run_base_test_amd64-m64-gcc42-nn.0000'
comparing 'stdout' with abstol=, binary=, calctol=0, cw=, floatcompare=, ignorecase=, obiwan=, reltol=0.006, skipabstol=, skipobiwan=, skipreltol=, skiptol=
Specinvoke: /home/dave/Spec2006/dvd/bin/specinvoke -E -d /home/dave/Spec2006/dvd/benchspec/CPU2006/465.tonto/run/run_base_test_amd64-m64-gcc42-nn.0000 -c 1 -e compare.err -o compare.stdout -f compare.cmd
Issuing command '/home/dave/Spec2006/dvd/bin/specinvoke -E -d /home/dave/Spec2006/dvd/benchspec/CPU2006/465.tonto/run/run_base_test_amd64-m64-gcc42-nn.0000 -c 1 -e compare.err -o compare.stdout -f compare.cmd'
Start command: Thu Dec 10 13:35:26 2009 (1260473726)
Stop command: Thu Dec 10 13:35:28 2009 (1260473728)
Elapsed time for command: 00:00:02 (2)
Benchmark Times:
  Start:    Thu Dec 10 13:35:21 2009 (1260473721)
  Stop:     Thu Dec 10 13:35:26 2009 (1260473726)
  Elapsed:  00:00:05 (5)
  Reported: 1 216956000 1.216956
 Success 465.tonto base test ratio=-0.00, runtime=1.216956

-----------------------------------
  Running 470.lbm test base amd64-m64-gcc42-nn default
Commands to run: 
    -C /home/dave/Spec2006/dvd/benchspec/CPU2006/470.lbm/run/run_base_test_amd64-m64-gcc42-nn.0000
    -o lbm.out -e lbm.err ../run_base_test_amd64-m64-gcc42-nn.0000/lbm_base.amd64-m64-gcc42-nn 20 reference.dat 0 1 100_100_130_cf_a.of
Specinvoke: /home/dave/Spec2006/dvd/bin/specinvoke -d /home/dave/Spec2006/dvd/benchspec/CPU2006/470.lbm/run/run_base_test_amd64-m64-gcc42-nn.0000 -e speccmds.err -o speccmds.stdout -f speccmds.cmd -C
Issuing command '/home/dave/Spec2006/dvd/bin/specinvoke -d /home/dave/Spec2006/dvd/benchspec/CPU2006/470.lbm/run/run_base_test_amd64-m64-gcc42-nn.0000 -e speccmds.err -o speccmds.stdout -f speccmds.cmd -C'
Start command: Thu Dec 10 13:35:28 2009 (1260473728)
Stop command: Thu Dec 10 13:35:49 2009 (1260473749)
Elapsed time for command: 00:00:21 (21)
Workload elapsed time (0:1) = 13.340017 seconds
copy 0 finished @ Thu Dec 10 13:35:41 2009.  Total elapsed time: 13.340017
comparing files in '/home/dave/Spec2006/dvd/benchspec/CPU2006/470.lbm/run/run_base_test_amd64-m64-gcc42-nn.0000'
comparing 'lbm.out' with abstol=1e-07, binary=, calctol=0, cw=, floatcompare=, ignorecase=, obiwan=, reltol=, skipabstol=, skipobiwan=, skipreltol=, skiptol=
Specinvoke: /home/dave/Spec2006/dvd/bin/specinvoke -E -d /home/dave/Spec2006/dvd/benchspec/CPU2006/470.lbm/run/run_base_test_amd64-m64-gcc42-nn.0000 -c 1 -e compare.err -o compare.stdout -f compare.cmd
Issuing command '/home/dave/Spec2006/dvd/bin/specinvoke -E -d /home/dave/Spec2006/dvd/benchspec/CPU2006/470.lbm/run/run_base_test_amd64-m64-gcc42-nn.0000 -c 1 -e compare.err -o compare.stdout -f compare.cmd'
Start command: Thu Dec 10 13:35:49 2009 (1260473749)
Stop command: Thu Dec 10 13:35:52 2009 (1260473752)
Elapsed time for command: 00:00:03 (3)
Benchmark Times:
  Start:    Thu Dec 10 13:35:28 2009 (1260473728)
  Stop:     Thu Dec 10 13:35:49 2009 (1260473749)
  Elapsed:  00:00:21 (21)
  Reported: 13 340140000 13.34014
 Success 470.lbm base test ratio=-0.00, runtime=13.340140

-----------------------------------
  Running 471.omnetpp test base amd64-m64-gcc42-nn default
Commands to run: 
    -C /home/dave/Spec2006/dvd/benchspec/CPU2006/471.omnetpp/run/run_base_test_amd64-m64-gcc42-nn.0000
    -o omnetpp.log -e omnetpp.err ../run_base_test_amd64-m64-gcc42-nn.0000/omnetpp_base.amd64-m64-gcc42-nn omnetpp.ini
Specinvoke: /home/dave/Spec2006/dvd/bin/specinvoke -d /home/dave/Spec2006/dvd/benchspec/CPU2006/471.omnetpp/run/run_base_test_amd64-m64-gcc42-nn.0000 -e speccmds.err -o speccmds.stdout -f speccmds.cmd -C
Issuing command '/home/dave/Spec2006/dvd/bin/specinvoke -d /home/dave/Spec2006/dvd/benchspec/CPU2006/471.omnetpp/run/run_base_test_amd64-m64-gcc42-nn.0000 -e speccmds.err -o speccmds.stdout -f speccmds.cmd -C'
Start command: Thu Dec 10 13:35:52 2009 (1260473752)
Stop command: Thu Dec 10 13:35:54 2009 (1260473754)
Elapsed time for command: 00:00:02 (2)
Workload elapsed time (0:1) = 0.66267 seconds
copy 0 finished @ Thu Dec 10 13:35:52 2009.  Total elapsed time: 0.66267
comparing files in '/home/dave/Spec2006/dvd/benchspec/CPU2006/471.omnetpp/run/run_base_test_amd64-m64-gcc42-nn.0000'
comparing 'omnetpp.log' with abstol=1e-06, binary=, calctol=0, cw=, floatcompare=, ignorecase=, obiwan=, reltol=1e-05, skipabstol=, skipobiwan=, skipreltol=, skiptol=
comparing 'omnetpp.sca' with abstol=1e-06, binary=, calctol=0, cw=, floatcompare=, ignorecase=, obiwan=, reltol=1e-05, skipabstol=, skipobiwan=, skipreltol=, skiptol=
Specinvoke: /home/dave/Spec2006/dvd/bin/specinvoke -E -d /home/dave/Spec2006/dvd/benchspec/CPU2006/471.omnetpp/run/run_base_test_amd64-m64-gcc42-nn.0000 -c 1 -e compare.err -o compare.stdout -f compare.cmd
Issuing command '/home/dave/Spec2006/dvd/bin/specinvoke -E -d /home/dave/Spec2006/dvd/benchspec/CPU2006/471.omnetpp/run/run_base_test_amd64-m64-gcc42-nn.0000 -c 1 -e compare.err -o compare.stdout -f compare.cmd'
Start command: Thu Dec 10 13:35:54 2009 (1260473754)
Stop command: Thu Dec 10 13:35:56 2009 (1260473756)
Elapsed time for command: 00:00:02 (2)
Benchmark Times:
  Start:    Thu Dec 10 13:35:52 2009 (1260473752)
  Stop:     Thu Dec 10 13:35:54 2009 (1260473754)
  Elapsed:  00:00:02 (2)
  Reported: 0 662767000 0.662767
 Success 471.omnetpp base test ratio=-0.00, runtime=0.662767

-----------------------------------
  Running 473.astar test base amd64-m64-gcc42-nn default
Commands to run: 
    -C /home/dave/Spec2006/dvd/benchspec/CPU2006/473.astar/run/run_base_test_amd64-m64-gcc42-nn.0000
    -o lake.out -e lake.err ../run_base_test_amd64-m64-gcc42-nn.0000/astar_base.amd64-m64-gcc42-nn lake.cfg
Specinvoke: /home/dave/Spec2006/dvd/bin/specinvoke -d /home/dave/Spec2006/dvd/benchspec/CPU2006/473.astar/run/run_base_test_amd64-m64-gcc42-nn.0000 -e speccmds.err -o speccmds.stdout -f speccmds.cmd -C
Issuing command '/home/dave/Spec2006/dvd/bin/specinvoke -d /home/dave/Spec2006/dvd/benchspec/CPU2006/473.astar/run/run_base_test_amd64-m64-gcc42-nn.0000 -e speccmds.err -o speccmds.stdout -f speccmds.cmd -C'
Start command: Thu Dec 10 13:35:57 2009 (1260473757)
Stop command: Thu Dec 10 13:36:19 2009 (1260473779)
Elapsed time for command: 00:00:22 (22)
Workload elapsed time (0:1) = 14.863014 seconds
copy 0 finished @ Thu Dec 10 13:36:11 2009.  Total elapsed time: 14.863014
comparing files in '/home/dave/Spec2006/dvd/benchspec/CPU2006/473.astar/run/run_base_test_amd64-m64-gcc42-nn.0000'
comparing 'lake.out' with abstol=, binary=, calctol=0, cw=, floatcompare=, ignorecase=, obiwan=, reltol=0.001, skipabstol=, skipobiwan=, skipreltol=, skiptol=
Specinvoke: /home/dave/Spec2006/dvd/bin/specinvoke -E -d /home/dave/Spec2006/dvd/benchspec/CPU2006/473.astar/run/run_base_test_amd64-m64-gcc42-nn.0000 -c 1 -e compare.err -o compare.stdout -f compare.cmd
Issuing command '/home/dave/Spec2006/dvd/bin/specinvoke -E -d /home/dave/Spec2006/dvd/benchspec/CPU2006/473.astar/run/run_base_test_amd64-m64-gcc42-nn.0000 -c 1 -e compare.err -o compare.stdout -f compare.cmd'
Start command: Thu Dec 10 13:36:19 2009 (1260473779)
Stop command: Thu Dec 10 13:36:22 2009 (1260473782)
Elapsed time for command: 00:00:03 (3)
Benchmark Times:
  Start:    Thu Dec 10 13:35:57 2009 (1260473757)
  Stop:     Thu Dec 10 13:36:19 2009 (1260473779)
  Elapsed:  00:00:22 (22)
  Reported: 14 863120000 14.86312
 Success 473.astar base test ratio=-0.00, runtime=14.863120

-----------------------------------
  Running 481.wrf test base amd64-m64-gcc42-nn default
Commands to run: 
    -C /home/dave/Spec2006/dvd/benchspec/CPU2006/481.wrf/run/run_base_test_amd64-m64-gcc42-nn.0000
    -o rsl.out.0000 -e wrf.err ../run_base_test_amd64-m64-gcc42-nn.0000/wrf_base.amd64-m64-gcc42-nn
Specinvoke: /home/dave/Spec2006/dvd/bin/specinvoke -d /home/dave/Spec2006/dvd/benchspec/CPU2006/481.wrf/run/run_base_test_amd64-m64-gcc42-nn.0000 -e speccmds.err -o speccmds.stdout -f speccmds.cmd -C
Issuing command '/home/dave/Spec2006/dvd/bin/specinvoke -d /home/dave/Spec2006/dvd/benchspec/CPU2006/481.wrf/run/run_base_test_amd64-m64-gcc42-nn.0000 -e speccmds.err -o speccmds.stdout -f speccmds.cmd -C'
Start command: Thu Dec 10 13:36:22 2009 (1260473782)
Stop command: Thu Dec 10 13:36:24 2009 (1260473784)
Elapsed time for command: 00:00:02 (2)

481.wrf: copy #0 non-zero return code (rc=2, signal=0)


****************************************
Contents of wrf.err
****************************************
At line 6744 of file module_ra_rrtm.fppized.f90 (unit = 10, file = 'RRTM_DATA')
Fortran runtime error: End of file

****************************************
Workload elapsed time (0:1) = 0.222495 seconds
copy 0 finished @ Thu Dec 10 13:36:22 2009.  Total elapsed time: 0.222495
comparing files in '/home/dave/Spec2006/dvd/benchspec/CPU2006/481.wrf/run/run_base_test_amd64-m64-gcc42-nn.0000'
comparing 'rsl.out.0000' with abstol=0.01, binary=, calctol=0, cw=, floatcompare=, ignorecase=, obiwan=, reltol=0.05, skipabstol=, skipobiwan=, skipreltol=, skiptol=
Specinvoke: /home/dave/Spec2006/dvd/bin/specinvoke -E -d /home/dave/Spec2006/dvd/benchspec/CPU2006/481.wrf/run/run_base_test_amd64-m64-gcc42-nn.0000 -c 1 -e compare.err -o compare.stdout -f compare.cmd
Issuing command '/home/dave/Spec2006/dvd/bin/specinvoke -E -d /home/dave/Spec2006/dvd/benchspec/CPU2006/481.wrf/run/run_base_test_amd64-m64-gcc42-nn.0000 -c 1 -e compare.err -o compare.stdout -f compare.cmd'
Start command: Thu Dec 10 13:36:24 2009 (1260473784)
Stop command: Thu Dec 10 13:36:26 2009 (1260473786)
Elapsed time for command: 00:00:02 (2)
Error with '/home/dave/Spec2006/dvd/bin/specinvoke -E -d /home/dave/Spec2006/dvd/benchspec/CPU2006/481.wrf/run/run_base_test_amd64-m64-gcc42-nn.0000 -c 1 -e compare.err -o compare.stdout -f compare.cmd': check file '/home/dave/Spec2006/dvd/benchspec/CPU2006/481.wrf/run/run_base_test_amd64-m64-gcc42-nn.0000/.err'
*** Miscompare of rsl.out.0000, see /home/dave/Spec2006/dvd/benchspec/CPU2006/481.wrf/run/run_base_test_amd64-m64-gcc42-nn.0000/rsl.out.0000.mis
'rsl.out.0000' short
Benchmark Times:
  Start:    Thu Dec 10 13:36:22 2009 (1260473782)
  Stop:     Thu Dec 10 13:36:24 2009 (1260473784)
  Elapsed:  00:00:02 (2)
  Reported: 0 222619000 0.222619
 Error 481.wrf base test ratio=-0.00, runtime=0.222619

-----------------------------------
  Running 482.sphinx3 test base amd64-m64-gcc42-nn default
Commands to run: 
    -C /home/dave/Spec2006/dvd/benchspec/CPU2006/482.sphinx3/run/run_base_test_amd64-m64-gcc42-nn.0000
    -o an4.log -e an4.err ../run_base_test_amd64-m64-gcc42-nn.0000/sphinx_livepretend_base.amd64-m64-gcc42-nn ctlfile . args.an4
Specinvoke: /home/dave/Spec2006/dvd/bin/specinvoke -d /home/dave/Spec2006/dvd/benchspec/CPU2006/482.sphinx3/run/run_base_test_amd64-m64-gcc42-nn.0000 -e speccmds.err -o speccmds.stdout -f speccmds.cmd -C
Issuing command '/home/dave/Spec2006/dvd/bin/specinvoke -d /home/dave/Spec2006/dvd/benchspec/CPU2006/482.sphinx3/run/run_base_test_amd64-m64-gcc42-nn.0000 -e speccmds.err -o speccmds.stdout -f speccmds.cmd -C'
Start command: Thu Dec 10 13:36:26 2009 (1260473786)
Stop command: Thu Dec 10 13:36:37 2009 (1260473797)
Elapsed time for command: 00:00:11 (11)
Workload elapsed time (0:1) = 3.072183 seconds
copy 0 finished @ Thu Dec 10 13:36:29 2009.  Total elapsed time: 3.072183
comparing files in '/home/dave/Spec2006/dvd/benchspec/CPU2006/482.sphinx3/run/run_base_test_amd64-m64-gcc42-nn.0000'
comparing 'an4.log' with abstol=, binary=, calctol=0, cw=, floatcompare=1, ignorecase=, obiwan=, reltol=0.001, skipabstol=, skipobiwan=, skipreltol=, skiptol=
comparing 'considered.out' with abstol=, binary=, calctol=0, cw=, floatcompare=1, ignorecase=, obiwan=, reltol=0.0004, skipabstol=, skipobiwan=, skipreltol=, skiptol=
comparing 'total_considered.out' with abstol=, binary=, calctol=0, cw=, floatcompare=1, ignorecase=, obiwan=, reltol=1e-06, skipabstol=, skipobiwan=, skipreltol=, skiptol=
Specinvoke: /home/dave/Spec2006/dvd/bin/specinvoke -E -d /home/dave/Spec2006/dvd/benchspec/CPU2006/482.sphinx3/run/run_base_test_amd64-m64-gcc42-nn.0000 -c 1 -e compare.err -o compare.stdout -f compare.cmd
Issuing command '/home/dave/Spec2006/dvd/bin/specinvoke -E -d /home/dave/Spec2006/dvd/benchspec/CPU2006/482.sphinx3/run/run_base_test_amd64-m64-gcc42-nn.0000 -c 1 -e compare.err -o compare.stdout -f compare.cmd'
Start command: Thu Dec 10 13:36:37 2009 (1260473797)
Stop command: Thu Dec 10 13:36:39 2009 (1260473799)
Elapsed time for command: 00:00:02 (2)
Benchmark Times:
  Start:    Thu Dec 10 13:36:26 2009 (1260473786)
  Stop:     Thu Dec 10 13:36:37 2009 (1260473797)
  Elapsed:  00:00:11 (11)
  Reported: 3 72286000 3.072286
 Success 482.sphinx3 base test ratio=-0.00, runtime=3.072286

-----------------------------------
  Running 998.specrand test base amd64-m64-gcc42-nn default
Commands to run: 
    -C /home/dave/Spec2006/dvd/benchspec/CPU2006/998.specrand/run/run_base_test_amd64-m64-gcc42-nn.0000
    -o rand.24239.out -e rand.24239.err ../run_base_test_amd64-m64-gcc42-nn.0000/specrand_base.amd64-m64-gcc42-nn 324342 24239
Specinvoke: /home/dave/Spec2006/dvd/bin/specinvoke -d /home/dave/Spec2006/dvd/benchspec/CPU2006/998.specrand/run/run_base_test_amd64-m64-gcc42-nn.0000 -e speccmds.err -o speccmds.stdout -f speccmds.cmd -C
Issuing command '/home/dave/Spec2006/dvd/bin/specinvoke -d /home/dave/Spec2006/dvd/benchspec/CPU2006/998.specrand/run/run_base_test_amd64-m64-gcc42-nn.0000 -e speccmds.err -o speccmds.stdout -f speccmds.cmd -C'
Start command: Thu Dec 10 13:36:39 2009 (1260473799)
Stop command: Thu Dec 10 13:36:41 2009 (1260473801)
Elapsed time for command: 00:00:02 (2)
Workload elapsed time (0:1) = 0.018199 seconds
copy 0 finished @ Thu Dec 10 13:36:39 2009.  Total elapsed time: 0.018199
comparing files in '/home/dave/Spec2006/dvd/benchspec/CPU2006/998.specrand/run/run_base_test_amd64-m64-gcc42-nn.0000'
comparing 'rand.24239.out' with abstol=, binary=, calctol=0, cw=, floatcompare=1, ignorecase=, obiwan=, reltol=, skipabstol=, skipobiwan=, skipreltol=, skiptol=
Specinvoke: /home/dave/Spec2006/dvd/bin/specinvoke -E -d /home/dave/Spec2006/dvd/benchspec/CPU2006/998.specrand/run/run_base_test_amd64-m64-gcc42-nn.0000 -c 1 -e compare.err -o compare.stdout -f compare.cmd
Issuing command '/home/dave/Spec2006/dvd/bin/specinvoke -E -d /home/dave/Spec2006/dvd/benchspec/CPU2006/998.specrand/run/run_base_test_amd64-m64-gcc42-nn.0000 -c 1 -e compare.err -o compare.stdout -f compare.cmd'
Start command: Thu Dec 10 13:36:41 2009 (1260473801)
Stop command: Thu Dec 10 13:36:44 2009 (1260473804)
Elapsed time for command: 00:00:03 (3)
Benchmark Times:
  Start:    Thu Dec 10 13:36:39 2009 (1260473799)
  Stop:     Thu Dec 10 13:36:41 2009 (1260473801)
  Elapsed:  00:00:02 (2)
  Reported: 0 18298000 0.018298
 Success 998.specrand base test ratio=-0.00, runtime=0.018298

-----------------------------------
  Running 999.specrand test base amd64-m64-gcc42-nn default
Commands to run: 
    -C /home/dave/Spec2006/dvd/benchspec/CPU2006/999.specrand/run/run_base_test_amd64-m64-gcc42-nn.0000
    -o rand.24239.out -e rand.24239.err ../run_base_test_amd64-m64-gcc42-nn.0000/specrand_base.amd64-m64-gcc42-nn 324342 24239
Specinvoke: /home/dave/Spec2006/dvd/bin/specinvoke -d /home/dave/Spec2006/dvd/benchspec/CPU2006/999.specrand/run/run_base_test_amd64-m64-gcc42-nn.0000 -e speccmds.err -o speccmds.stdout -f speccmds.cmd -C
Issuing command '/home/dave/Spec2006/dvd/bin/specinvoke -d /home/dave/Spec2006/dvd/benchspec/CPU2006/999.specrand/run/run_base_test_amd64-m64-gcc42-nn.0000 -e speccmds.err -o speccmds.stdout -f speccmds.cmd -C'
Start command: Thu Dec 10 13:36:44 2009 (1260473804)
Stop command: Thu Dec 10 13:36:46 2009 (1260473806)
Elapsed time for command: 00:00:02 (2)
Workload elapsed time (0:1) = 0.018298 seconds
copy 0 finished @ Thu Dec 10 13:36:44 2009.  Total elapsed time: 0.018298
comparing files in '/home/dave/Spec2006/dvd/benchspec/CPU2006/999.specrand/run/run_base_test_amd64-m64-gcc42-nn.0000'
comparing 'rand.24239.out' with abstol=, binary=, calctol=0, cw=, floatcompare=1, ignorecase=, obiwan=, reltol=, skipabstol=, skipobiwan=, skipreltol=, skiptol=
Specinvoke: /home/dave/Spec2006/dvd/bin/specinvoke -E -d /home/dave/Spec2006/dvd/benchspec/CPU2006/999.specrand/run/run_base_test_amd64-m64-gcc42-nn.0000 -c 1 -e compare.err -o compare.stdout -f compare.cmd
Issuing command '/home/dave/Spec2006/dvd/bin/specinvoke -E -d /home/dave/Spec2006/dvd/benchspec/CPU2006/999.specrand/run/run_base_test_amd64-m64-gcc42-nn.0000 -c 1 -e compare.err -o compare.stdout -f compare.cmd'
Start command: Thu Dec 10 13:36:46 2009 (1260473806)
Stop command: Thu Dec 10 13:36:49 2009 (1260473809)
Elapsed time for command: 00:00:03 (3)
Benchmark Times:
  Start:    Thu Dec 10 13:36:44 2009 (1260473804)
  Stop:     Thu Dec 10 13:36:46 2009 (1260473806)
  Elapsed:  00:00:02 (2)
  Reported: 0 18381000 0.018381
 Success 999.specrand base test ratio=-0.00, runtime=0.018381
Error: 1x481.wrf
Success: 1x401.bzip2 1x403.gcc 1x410.bwaves 1x416.gamess 1x429.mcf 1x433.milc 1x434.zeusmp 1x435.gromacs 1x436.cactusADM 1x437.leslie3d 1x444.namd 1x445.gobmk 1x450.soplex 1x453.povray 1x454.calculix 1x456.hmmer 1x458.sjeng 1x459.GemsFDTD 1x462.libquantum 1x464.h264ref 1x465.tonto 1x470.lbm 1x471.omnetpp 1x473.astar 1x482.sphinx3 1x998.specrand 1x999.specrand
Producing Reports
mach: default
  ext: amd64-m64-gcc42-nn
    size: test
      set: int
           Flag reduction took 0.0117130s
        format: raw -> /home/dave/Spec2006/dvd/result/CINT2006.031.test.rsf
        format: flags -> /home/dave/Spec2006/dvd/result/CINT2006.031.test.flags.html
        format: ASCII -> /home/dave/Spec2006/dvd/result/CINT2006.031.test.txt
        format: PDF -> /home/dave/Spec2006/dvd/result/CINT2006.031.test.pdf
        format: Screen ->       set: fp
           Flag reduction took 0.0206170s
        format: raw -> /home/dave/Spec2006/dvd/result/CFP2006.031.test.rsf
        format: flags -> /home/dave/Spec2006/dvd/result/CFP2006.031.test.flags.html
        format: ASCII -> /home/dave/Spec2006/dvd/result/CFP2006.031.test.txt
        format: PDF -> /home/dave/Spec2006/dvd/result/CFP2006.031.test.pdf
        format: Screen -> 
The log for this run is in /home/dave/Spec2006/dvd/result/CPU2006.031.log

runspec finished at Thu Dec 10 13:36:51 2009; 475 total seconds elapsed
