------------------------------------------------------------------------
== Recursively making `all' for ways: p ...
PWD = /home/dave/ghc-BUILD/ghc-HEAD-BUILD/nofib/parallel
------------------------------------------------------------------------
case '' in *-[ik]*) x_on_err=0;; *-r*[ik]*) x_on_err=0;; *) x_on_err=1;; esac; \
	for i in p ; do \
	  echo "------------------------------------------------------------------------"; \
	  echo "== make way=$i all;"; \
	  echo "PWD = /home/dave/ghc-BUILD/ghc-HEAD-BUILD/nofib/parallel"; \
	  echo "------------------------------------------------------------------------"; \
	  make way=$i --no-print-directory  all ; \
	  if [ $? -eq 0 ] ; then true; else exit $x_on_err; fi; \
	done
------------------------------------------------------------------------
== make way=p all;
PWD = /home/dave/ghc-BUILD/ghc-HEAD-BUILD/nofib/parallel
------------------------------------------------------------------------
make[1]: Nothing to be done for `all'.
------------------------------------------------------------------------
== Finished recursively making `all' for ways: p ...
PWD = /home/dave/ghc-BUILD/ghc-HEAD-BUILD/nofib/parallel
------------------------------------------------------------------------
------------------------------------------------------------------------
== Recursively making `all' in parfib partree sumeuler matmult ray gray prsa mandel ...
PWD = /home/dave/ghc-BUILD/ghc-HEAD-BUILD/nofib/parallel
------------------------------------------------------------------------
------------------------------------------------------------------------
== make all ;
 in /home/dave/ghc-BUILD/ghc-HEAD-BUILD/nofib/parallel/parfib
------------------------------------------------------------------------
HC = /home/dave/ghc-BUILD/ghc-HEAD-BUILD/inplace/bin/ghc-stage2
HC_OPTS = -H32m -O -O -Rghc-timing -H32m -hisuf hi -package parallel
RUNTEST_OPTS = -ghc-timing 43 11
==nofib== parfib: size of parfib follows...
   text	   data	    bss	    dec	    hex	filename
 701296	  39400	  47112	 787808	  c0560	parfib
==nofib== parfib: time to run parfib follows...
/usr/bin/time ../../runstdtest/runstdtest ./parfib  -o1 parfib.stdout -o1 parfib.stdout  -ghc-timing  43 11    ;
------------------------------------------------------------------------
== Recursively making `all' for ways: p ...
PWD = /home/dave/ghc-BUILD/ghc-HEAD-BUILD/nofib/parallel/parfib
------------------------------------------------------------------------
case '- --no-print-directory' in *-[ik]*) x_on_err=0;; *-r*[ik]*) x_on_err=0;; *) x_on_err=1;; esac; \
	for i in p ; do \
	  echo "------------------------------------------------------------------------"; \
	  echo "== make way=$i all;"; \
	  echo "PWD = /home/dave/ghc-BUILD/ghc-HEAD-BUILD/nofib/parallel/parfib"; \
	  echo "------------------------------------------------------------------------"; \
	  make way=$i --no-print-directory - --no-print-directory all ; \
	  if [ $? -eq 0 ] ; then true; else exit $x_on_err; fi; \
	done
------------------------------------------------------------------------
== make way=p all;
PWD = /home/dave/ghc-BUILD/ghc-HEAD-BUILD/nofib/parallel/parfib
------------------------------------------------------------------------
HC = /home/dave/ghc-BUILD/ghc-HEAD-BUILD/inplace/bin/ghc-stage2
HC_OPTS = -H32m -O -O -Rghc-timing -H32m -hisuf hi -package parallel -hisuf hi -hcsuf hc -osuf o
RUNTEST_OPTS = -ghc-timing 43 11
==nofib== parfib: size of parfib follows...
   text	   data	    bss	    dec	    hex	filename
 701296	  39400	  47112	 787808	  c0560	parfib
==nofib== parfib: time to run parfib follows...
/usr/bin/time ../../runstdtest/runstdtest ./parfib  -o1 parfib.stdout -o1 parfib.stdout  -ghc-timing  43 11    ;
------------------------------------------------------------------------
== Finished recursively making `all' for ways: p ...
PWD = /home/dave/ghc-BUILD/ghc-HEAD-BUILD/nofib/parallel/parfib
------------------------------------------------------------------------
Finished making all in parfib: 0
------------------------------------------------------------------------
== make all ;
 in /home/dave/ghc-BUILD/ghc-HEAD-BUILD/nofib/parallel/partree
------------------------------------------------------------------------
HC = /home/dave/ghc-BUILD/ghc-HEAD-BUILD/inplace/bin/ghc-stage2
HC_OPTS = -H32m -O -O -Rghc-timing -H32m -hisuf hi -package parallel
RUNTEST_OPTS = -ghc-timing
==nofib== partree: time to compile Tree follows...
/home/dave/ghc-BUILD/ghc-HEAD-BUILD/inplace/bin/ghc-stage2 -H32m -O -O -Rghc-timing -H32m -hisuf hi -package parallel -c Tree.hs -o Tree.o
==nofib== partree: size of Tree.o follows...
   text	   data	    bss	    dec	    hex	filename
  14908	    872	      0	  15780	   3da4	Tree.o
==nofib== partree: time to compile partree follows...
/home/dave/ghc-BUILD/ghc-HEAD-BUILD/inplace/bin/ghc-stage2 -H32m -O -O -Rghc-timing -H32m -hisuf hi -package parallel -c partree.hs -o partree.o
==nofib== partree: size of partree.o follows...
   text	   data	    bss	    dec	    hex	filename
   4720	    560	      0	   5280	   14a0	partree.o
==nofib== partree: time to link partree follows...
==nofib== partree: size of partree follows...
   text	   data	    bss	    dec	    hex	filename
 727536	  40904	  47112	 815552	  c71c0	partree
==nofib== partree: time to run partree follows...
/usr/bin/time ../../runstdtest/runstdtest ./partree  -o1 partree.stdout -o1 partree.stdout  -ghc-timing     300 100;
------------------------------------------------------------------------
== Recursively making `all' for ways: p ...
PWD = /home/dave/ghc-BUILD/ghc-HEAD-BUILD/nofib/parallel/partree
------------------------------------------------------------------------
case '- --no-print-directory' in *-[ik]*) x_on_err=0;; *-r*[ik]*) x_on_err=0;; *) x_on_err=1;; esac; \
	for i in p ; do \
	  echo "------------------------------------------------------------------------"; \
	  echo "== make way=$i all;"; \
	  echo "PWD = /home/dave/ghc-BUILD/ghc-HEAD-BUILD/nofib/parallel/partree"; \
	  echo "------------------------------------------------------------------------"; \
	  make way=$i --no-print-directory - --no-print-directory all ; \
	  if [ $? -eq 0 ] ; then true; else exit $x_on_err; fi; \
	done
------------------------------------------------------------------------
== make way=p all;
PWD = /home/dave/ghc-BUILD/ghc-HEAD-BUILD/nofib/parallel/partree
------------------------------------------------------------------------
HC = /home/dave/ghc-BUILD/ghc-HEAD-BUILD/inplace/bin/ghc-stage2
HC_OPTS = -H32m -O -O -Rghc-timing -H32m -hisuf hi -package parallel -hisuf hi -hcsuf hc -osuf o
RUNTEST_OPTS = -ghc-timing
==nofib== partree: size of partree follows...
   text	   data	    bss	    dec	    hex	filename
 727536	  40904	  47112	 815552	  c71c0	partree
==nofib== partree: time to run partree follows...
/usr/bin/time ../../runstdtest/runstdtest ./partree  -o1 partree.stdout -o1 partree.stdout  -ghc-timing     300 100;
------------------------------------------------------------------------
== Finished recursively making `all' for ways: p ...
PWD = /home/dave/ghc-BUILD/ghc-HEAD-BUILD/nofib/parallel/partree
------------------------------------------------------------------------
Finished making all in partree: 0
------------------------------------------------------------------------
== make all ;
 in /home/dave/ghc-BUILD/ghc-HEAD-BUILD/nofib/parallel/sumeuler
------------------------------------------------------------------------
HC = /home/dave/ghc-BUILD/ghc-HEAD-BUILD/inplace/bin/ghc-stage2
HC_OPTS = -H32m -O -O -Rghc-timing -H32m -hisuf hi -package parallel
RUNTEST_OPTS = -ghc-timing
==nofib== sumeuler: size of sumeuler follows...
   text	   data	    bss	    dec	    hex	filename
 788528	  44968	  47112	 880608	  d6fe0	sumeuler
==nofib== sumeuler: time to run sumeuler follows...
/usr/bin/time ../../runstdtest/runstdtest ./sumeuler  -o1 sumeuler.stdout -o1 sumeuler.stdout  -ghc-timing     38 8000 100;
------------------------------------------------------------------------
== Recursively making `all' for ways: p ...
PWD = /home/dave/ghc-BUILD/ghc-HEAD-BUILD/nofib/parallel/sumeuler
------------------------------------------------------------------------
case '- --no-print-directory' in *-[ik]*) x_on_err=0;; *-r*[ik]*) x_on_err=0;; *) x_on_err=1;; esac; \
	for i in p ; do \
	  echo "------------------------------------------------------------------------"; \
	  echo "== make way=$i all;"; \
	  echo "PWD = /home/dave/ghc-BUILD/ghc-HEAD-BUILD/nofib/parallel/sumeuler"; \
	  echo "------------------------------------------------------------------------"; \
	  make way=$i --no-print-directory - --no-print-directory all ; \
	  if [ $? -eq 0 ] ; then true; else exit $x_on_err; fi; \
	done
------------------------------------------------------------------------
== make way=p all;
PWD = /home/dave/ghc-BUILD/ghc-HEAD-BUILD/nofib/parallel/sumeuler
------------------------------------------------------------------------
HC = /home/dave/ghc-BUILD/ghc-HEAD-BUILD/inplace/bin/ghc-stage2
HC_OPTS = -H32m -O -O -Rghc-timing -H32m -hisuf hi -package parallel -hisuf hi -hcsuf hc -osuf o
RUNTEST_OPTS = -ghc-timing
==nofib== sumeuler: size of sumeuler follows...
   text	   data	    bss	    dec	    hex	filename
 788528	  44968	  47112	 880608	  d6fe0	sumeuler
==nofib== sumeuler: time to run sumeuler follows...
/usr/bin/time ../../runstdtest/runstdtest ./sumeuler  -o1 sumeuler.stdout -o1 sumeuler.stdout  -ghc-timing     38 8000 100;
------------------------------------------------------------------------
== Finished recursively making `all' for ways: p ...
PWD = /home/dave/ghc-BUILD/ghc-HEAD-BUILD/nofib/parallel/sumeuler
------------------------------------------------------------------------
Finished making all in sumeuler: 0
------------------------------------------------------------------------
== make all ;
 in /home/dave/ghc-BUILD/ghc-HEAD-BUILD/nofib/parallel/matmult
------------------------------------------------------------------------
HC = /home/dave/ghc-BUILD/ghc-HEAD-BUILD/inplace/bin/ghc-stage2
HC_OPTS = -H32m -O -O -Rghc-timing -H32m -hisuf hi -package parallel
RUNTEST_OPTS = -ghc-timing
==nofib== matmult: time to compile ListAux follows...
/home/dave/ghc-BUILD/ghc-HEAD-BUILD/inplace/bin/ghc-stage2 -H32m -O -O -Rghc-timing -H32m -hisuf hi -package parallel -c ListAux.hs -o ListAux.o
==nofib== matmult: size of ListAux.o follows...
   text	   data	    bss	    dec	    hex	filename
   5920	    256	      0	   6176	   1820	ListAux.o
==nofib== matmult: time to compile MatMult follows...
/home/dave/ghc-BUILD/ghc-HEAD-BUILD/inplace/bin/ghc-stage2 -H32m -O -O -Rghc-timing -H32m -hisuf hi -package parallel -c MatMult.hs -o MatMult.o
==nofib== matmult: size of MatMult.o follows...
   text	   data	    bss	    dec	    hex	filename
  18117	   2000	      0	  20117	   4e95	MatMult.o
==nofib== matmult: time to link matmult follows...
==nofib== matmult: size of matmult follows...
   text	   data	    bss	    dec	    hex	filename
 790607	  47600	  47112	 885319	  d8247	matmult
==nofib== matmult: time to run matmult follows...
/usr/bin/time ../../runstdtest/runstdtest ./matmult  -o1 matmult.stdout -o1 matmult.stdout  -ghc-timing     600 1 10;
------------------------------------------------------------------------
== Recursively making `all' for ways: p ...
PWD = /home/dave/ghc-BUILD/ghc-HEAD-BUILD/nofib/parallel/matmult
------------------------------------------------------------------------
case '- --no-print-directory' in *-[ik]*) x_on_err=0;; *-r*[ik]*) x_on_err=0;; *) x_on_err=1;; esac; \
	for i in p ; do \
	  echo "------------------------------------------------------------------------"; \
	  echo "== make way=$i all;"; \
	  echo "PWD = /home/dave/ghc-BUILD/ghc-HEAD-BUILD/nofib/parallel/matmult"; \
	  echo "------------------------------------------------------------------------"; \
	  make way=$i --no-print-directory - --no-print-directory all ; \
	  if [ $? -eq 0 ] ; then true; else exit $x_on_err; fi; \
	done
------------------------------------------------------------------------
== make way=p all;
PWD = /home/dave/ghc-BUILD/ghc-HEAD-BUILD/nofib/parallel/matmult
------------------------------------------------------------------------
HC = /home/dave/ghc-BUILD/ghc-HEAD-BUILD/inplace/bin/ghc-stage2
HC_OPTS = -H32m -O -O -Rghc-timing -H32m -hisuf hi -package parallel -hisuf hi -hcsuf hc -osuf o
RUNTEST_OPTS = -ghc-timing
==nofib== matmult: size of matmult follows...
   text	   data	    bss	    dec	    hex	filename
 790607	  47600	  47112	 885319	  d8247	matmult
==nofib== matmult: time to run matmult follows...
/usr/bin/time ../../runstdtest/runstdtest ./matmult  -o1 matmult.stdout -o1 matmult.stdout  -ghc-timing     600 1 10;
------------------------------------------------------------------------
== Finished recursively making `all' for ways: p ...
PWD = /home/dave/ghc-BUILD/ghc-HEAD-BUILD/nofib/parallel/matmult
------------------------------------------------------------------------
Finished making all in matmult: 0
------------------------------------------------------------------------
== make all ;
 in /home/dave/ghc-BUILD/ghc-HEAD-BUILD/nofib/parallel/ray
------------------------------------------------------------------------
HC = /home/dave/ghc-BUILD/ghc-HEAD-BUILD/inplace/bin/ghc-stage2
HC_OPTS = -H32m -O -O -Rghc-timing -H32m -hisuf hi -package parallel
RUNTEST_OPTS = -ghc-timing
==nofib== ray: time to compile Main follows...
/home/dave/ghc-BUILD/ghc-HEAD-BUILD/inplace/bin/ghc-stage2 -H32m -O -O -Rghc-timing -H32m -hisuf hi -package parallel -c Main.lhs -o Main.o
==nofib== ray: size of Main.o follows...
   text	   data	    bss	    dec	    hex	filename
  24945	   4016	      0	  28961	   7121	Main.o
==nofib== ray: time to link ray follows...
==nofib== ray: size of ray follows...
   text	   data	    bss	    dec	    hex	filename
 765584	  45256	  47112	 857952	  d1760	ray
==nofib== ray: time to run ray follows...
/usr/bin/time ../../runstdtest/runstdtest ./ray  -o1 ray.stdout -o1 ray.stdout  -ghc-timing     1000;
------------------------------------------------------------------------
== Recursively making `all' for ways: p ...
PWD = /home/dave/ghc-BUILD/ghc-HEAD-BUILD/nofib/parallel/ray
------------------------------------------------------------------------
case '- --no-print-directory' in *-[ik]*) x_on_err=0;; *-r*[ik]*) x_on_err=0;; *) x_on_err=1;; esac; \
	for i in p ; do \
	  echo "------------------------------------------------------------------------"; \
	  echo "== make way=$i all;"; \
	  echo "PWD = /home/dave/ghc-BUILD/ghc-HEAD-BUILD/nofib/parallel/ray"; \
	  echo "------------------------------------------------------------------------"; \
	  make way=$i --no-print-directory - --no-print-directory all ; \
	  if [ $? -eq 0 ] ; then true; else exit $x_on_err; fi; \
	done
------------------------------------------------------------------------
== make way=p all;
PWD = /home/dave/ghc-BUILD/ghc-HEAD-BUILD/nofib/parallel/ray
------------------------------------------------------------------------
HC = /home/dave/ghc-BUILD/ghc-HEAD-BUILD/inplace/bin/ghc-stage2
HC_OPTS = -H32m -O -O -Rghc-timing -H32m -hisuf hi -package parallel -hisuf hi -hcsuf hc -osuf o
RUNTEST_OPTS = -ghc-timing
==nofib== ray: size of ray follows...
   text	   data	    bss	    dec	    hex	filename
 765584	  45256	  47112	 857952	  d1760	ray
==nofib== ray: time to run ray follows...
/usr/bin/time ../../runstdtest/runstdtest ./ray  -o1 ray.stdout -o1 ray.stdout  -ghc-timing     1000;
------------------------------------------------------------------------
== Finished recursively making `all' for ways: p ...
PWD = /home/dave/ghc-BUILD/ghc-HEAD-BUILD/nofib/parallel/ray
------------------------------------------------------------------------
Finished making all in ray: 0
------------------------------------------------------------------------
== make all ;
 in /home/dave/ghc-BUILD/ghc-HEAD-BUILD/nofib/parallel/gray
------------------------------------------------------------------------
HC = /home/dave/ghc-BUILD/ghc-HEAD-BUILD/inplace/bin/ghc-stage2
HC_OPTS = -H32m -O -O -Rghc-timing -H32m -hisuf hi -package parallel -package parsec -fvia-C -fexcess-precision
RUNTEST_OPTS = -ghc-timing
==nofib== gray: time to compile Misc follows...
/home/dave/ghc-BUILD/ghc-HEAD-BUILD/inplace/bin/ghc-stage2 -H32m -O -O -Rghc-timing -H32m -hisuf hi -package parallel -package parsec -fvia-C -fexcess-precision -c Misc.hs -o Misc.o
==nofib== gray: size of Misc.o follows...
   text	   data	    bss	    dec	    hex	filename
    565	     64	      8	    637	    27d	Misc.o
==nofib== gray: time to compile Geometry follows...
/home/dave/ghc-BUILD/ghc-HEAD-BUILD/inplace/bin/ghc-stage2 -H32m -O -O -Rghc-timing -H32m -hisuf hi -package parallel -package parsec -fvia-C -fexcess-precision -c Geometry.hs -o Geometry.o
==nofib== gray: size of Geometry.o follows...
   text	   data	    bss	    dec	    hex	filename
  57837	   1704	      8	  59549	   e89d	Geometry.o
==nofib== gray: time to compile Interval follows...
/home/dave/ghc-BUILD/ghc-HEAD-BUILD/inplace/bin/ghc-stage2 -H32m -O -O -Rghc-timing -H32m -hisuf hi -package parallel -package parsec -fvia-C -fexcess-precision -c Interval.hs -o Interval.o
==nofib== gray: size of Interval.o follows...
   text	   data	    bss	    dec	    hex	filename
   8301	    168	      8	   8477	   211d	Interval.o
==nofib== gray: time to compile Construct follows...
/home/dave/ghc-BUILD/ghc-HEAD-BUILD/inplace/bin/ghc-stage2 -H32m -O -O -Rghc-timing -H32m -hisuf hi -package parallel -package parsec -fvia-C -fexcess-precision -c Construct.hs -o Construct.o
==nofib== gray: size of Construct.o follows...
   text	   data	    bss	    dec	    hex	filename
  59413	   2496	      8	  61917	   f1dd	Construct.o
==nofib== gray: time to compile Intersections follows...
/home/dave/ghc-BUILD/ghc-HEAD-BUILD/inplace/bin/ghc-stage2 -H32m -O -O -Rghc-timing -H32m -hisuf hi -package parallel -package parsec -fvia-C -fexcess-precision -c Intersections.hs -o Intersections.o
==nofib== gray: size of Intersections.o follows...
   text	   data	    bss	    dec	    hex	filename
  55829	    760	      8	  56597	   dd15	Intersections.o
==nofib== gray: time to compile CSG follows...
/home/dave/ghc-BUILD/ghc-HEAD-BUILD/inplace/bin/ghc-stage2 -H32m -O -O -Rghc-timing -H32m -hisuf hi -package parallel -package parsec -fvia-C -fexcess-precision -c CSG.hs -o CSG.o
==nofib== gray: size of CSG.o follows...
   text	   data	    bss	    dec	    hex	filename
    125	      0	      8	    133	     85	CSG.o
==nofib== gray: time to compile Surface follows...
/home/dave/ghc-BUILD/ghc-HEAD-BUILD/inplace/bin/ghc-stage2 -H32m -O -O -Rghc-timing -H32m -hisuf hi -package parallel -package parsec -fvia-C -fexcess-precision -c Surface.hs -o Surface.o
==nofib== gray: size of Surface.o follows...
   text	   data	    bss	    dec	    hex	filename
  14821	    496	      8	  15325	   3bdd	Surface.o
==nofib== gray: time to compile Primitives follows...
/home/dave/ghc-BUILD/ghc-HEAD-BUILD/inplace/bin/ghc-stage2 -H32m -O -O -Rghc-timing -H32m -hisuf hi -package parallel -package parsec -fvia-C -fexcess-precision -c Primitives.hs -o Primitives.o
==nofib== gray: size of Primitives.o follows...
   text	   data	    bss	    dec	    hex	filename
    901	     48	      8	    957	    3bd	Primitives.o
==nofib== gray: time to compile Illumination follows...
/home/dave/ghc-BUILD/ghc-HEAD-BUILD/inplace/bin/ghc-stage2 -H32m -O -O -Rghc-timing -H32m -hisuf hi -package parallel -package parsec -fvia-C -fexcess-precision -c Illumination.hs -o Illumination.o
==nofib== gray: size of Illumination.o follows...
   text	   data	    bss	    dec	    hex	filename
  45389	   1056	      8	  46453	   b575	Illumination.o
==nofib== gray: time to compile Data follows...
/home/dave/ghc-BUILD/ghc-HEAD-BUILD/inplace/bin/ghc-stage2 -H32m -O -O -Rghc-timing -H32m -hisuf hi -package parallel -package parsec -fvia-C -fexcess-precision -c Data.hs -o Data.o
==nofib== gray: size of Data.o follows...
   text	   data	    bss	    dec	    hex	filename
  67901	  14320	      8	  82229	  14135	Data.o
==nofib== gray: time to compile Parse follows...
/home/dave/ghc-BUILD/ghc-HEAD-BUILD/inplace/bin/ghc-stage2 -H32m -O -O -Rghc-timing -H32m -hisuf hi -package parallel -package parsec -fvia-C -fexcess-precision -c Parse.hs -o Parse.o
==nofib== gray: size of Parse.o follows...
   text	   data	    bss	    dec	    hex	filename
  22389	   3040	      8	  25437	   635d	Parse.o
==nofib== gray: time to compile Eval follows...
/home/dave/ghc-BUILD/ghc-HEAD-BUILD/inplace/bin/ghc-stage2 -H32m -O -O -Rghc-timing -H32m -hisuf hi -package parallel -package parsec -fvia-C -fexcess-precision -c Eval.hs -o Eval.o
==nofib== gray: size of Eval.o follows...
   text	   data	    bss	    dec	    hex	filename
 164597	   3736	      8	 168341	  29195	Eval.o
==nofib== gray: time to compile Main follows...
/home/dave/ghc-BUILD/ghc-HEAD-BUILD/inplace/bin/ghc-stage2 -H32m -O -O -Rghc-timing -H32m -hisuf hi -package parallel -package parsec -fvia-C -fexcess-precision -c Main.hs -o Main.o
==nofib== gray: size of Main.o follows...
   text	   data	    bss	    dec	    hex	filename
   1007	    128	      8	   1143	    477	Main.o
==nofib== gray: time to compile RayTrace follows...
/home/dave/ghc-BUILD/ghc-HEAD-BUILD/inplace/bin/ghc-stage2 -H32m -O -O -Rghc-timing -H32m -hisuf hi -package parallel -package parsec -fvia-C -fexcess-precision -c RayTrace.hs -o RayTrace.o
==nofib== gray: size of RayTrace.o follows...
   text	   data	    bss	    dec	    hex	filename
     77	      0	      8	     85	     55	RayTrace.o
==nofib== gray: time to link gray follows...
==nofib== gray: size of gray follows...
   text	   data	    bss	    dec	    hex	filename
1424487	  84560	  47240	1556287	 17bf3f	gray
==nofib== gray: time to run gray follows...
/usr/bin/time ../../runstdtest/runstdtest ./gray  -o1 gray.stdout -o1 gray.stdout  -ghc-timing     ;
------------------------------------------------------------------------
== Recursively making `all' for ways: p ...
PWD = /home/dave/ghc-BUILD/ghc-HEAD-BUILD/nofib/parallel/gray
------------------------------------------------------------------------
case '- --no-print-directory' in *-[ik]*) x_on_err=0;; *-r*[ik]*) x_on_err=0;; *) x_on_err=1;; esac; \
	for i in p ; do \
	  echo "------------------------------------------------------------------------"; \
	  echo "== make way=$i all;"; \
	  echo "PWD = /home/dave/ghc-BUILD/ghc-HEAD-BUILD/nofib/parallel/gray"; \
	  echo "------------------------------------------------------------------------"; \
	  make way=$i --no-print-directory - --no-print-directory all ; \
	  if [ $? -eq 0 ] ; then true; else exit $x_on_err; fi; \
	done
------------------------------------------------------------------------
== make way=p all;
PWD = /home/dave/ghc-BUILD/ghc-HEAD-BUILD/nofib/parallel/gray
------------------------------------------------------------------------
HC = /home/dave/ghc-BUILD/ghc-HEAD-BUILD/inplace/bin/ghc-stage2
HC_OPTS = -H32m -O -O -Rghc-timing -H32m -hisuf hi -package parallel -package parsec -fvia-C -fexcess-precision -hisuf hi -hcsuf hc -osuf o
RUNTEST_OPTS = -ghc-timing
==nofib== gray: size of gray follows...
   text	   data	    bss	    dec	    hex	filename
1424487	  84560	  47240	1556287	 17bf3f	gray
==nofib== gray: time to run gray follows...
/usr/bin/time ../../runstdtest/runstdtest ./gray  -o1 gray.stdout -o1 gray.stdout  -ghc-timing     ;
------------------------------------------------------------------------
== Finished recursively making `all' for ways: p ...
PWD = /home/dave/ghc-BUILD/ghc-HEAD-BUILD/nofib/parallel/gray
------------------------------------------------------------------------
Finished making all in gray: 0
------------------------------------------------------------------------
== make all ;
 in /home/dave/ghc-BUILD/ghc-HEAD-BUILD/nofib/parallel/prsa
------------------------------------------------------------------------
HC = /home/dave/ghc-BUILD/ghc-HEAD-BUILD/inplace/bin/ghc-stage2
HC_OPTS = -H32m -O -O -Rghc-timing -H32m -hisuf hi -package parallel
RUNTEST_OPTS = -ghc-timing
==nofib== prsa: time to compile Rsa follows...
/home/dave/ghc-BUILD/ghc-HEAD-BUILD/inplace/bin/ghc-stage2 -H32m -O -O -Rghc-timing -H32m -hisuf hi -package parallel -c Rsa.hs -o Rsa.o
==nofib== prsa: size of Rsa.o follows...
   text	   data	    bss	    dec	    hex	filename
   8195	    648	      0	   8843	   228b	Rsa.o
==nofib== prsa: time to compile Main follows...
/home/dave/ghc-BUILD/ghc-HEAD-BUILD/inplace/bin/ghc-stage2 -H32m -O -O -Rghc-timing -H32m -hisuf hi -package parallel -c Main.hs -o Main.o
==nofib== prsa: size of Main.o follows...
   text	   data	    bss	    dec	    hex	filename
   5583	   1808	      0	   7391	   1cdf	Main.o
==nofib== prsa: time to link prsa follows...
==nofib== prsa: size of prsa follows...
   text	   data	    bss	    dec	    hex	filename
 716688	  41672	  47112	 805472	  c4a60	prsa
==nofib== prsa: time to run prsa follows...
/usr/bin/time ../../runstdtest/runstdtest ./prsa  -o1 prsa.stdout -o1 prsa.stdout  -ghc-timing     500000;
------------------------------------------------------------------------
== Recursively making `all' for ways: p ...
PWD = /home/dave/ghc-BUILD/ghc-HEAD-BUILD/nofib/parallel/prsa
------------------------------------------------------------------------
case '- --no-print-directory' in *-[ik]*) x_on_err=0;; *-r*[ik]*) x_on_err=0;; *) x_on_err=1;; esac; \
	for i in p ; do \
	  echo "------------------------------------------------------------------------"; \
	  echo "== make way=$i all;"; \
	  echo "PWD = /home/dave/ghc-BUILD/ghc-HEAD-BUILD/nofib/parallel/prsa"; \
	  echo "------------------------------------------------------------------------"; \
	  make way=$i --no-print-directory - --no-print-directory all ; \
	  if [ $? -eq 0 ] ; then true; else exit $x_on_err; fi; \
	done
------------------------------------------------------------------------
== make way=p all;
PWD = /home/dave/ghc-BUILD/ghc-HEAD-BUILD/nofib/parallel/prsa
------------------------------------------------------------------------
HC = /home/dave/ghc-BUILD/ghc-HEAD-BUILD/inplace/bin/ghc-stage2
HC_OPTS = -H32m -O -O -Rghc-timing -H32m -hisuf hi -package parallel -hisuf hi -hcsuf hc -osuf o
RUNTEST_OPTS = -ghc-timing
==nofib== prsa: size of prsa follows...
   text	   data	    bss	    dec	    hex	filename
 716688	  41672	  47112	 805472	  c4a60	prsa
==nofib== prsa: time to run prsa follows...
/usr/bin/time ../../runstdtest/runstdtest ./prsa  -o1 prsa.stdout -o1 prsa.stdout  -ghc-timing     500000;
------------------------------------------------------------------------
== Finished recursively making `all' for ways: p ...
PWD = /home/dave/ghc-BUILD/ghc-HEAD-BUILD/nofib/parallel/prsa
------------------------------------------------------------------------
Finished making all in prsa: 0
------------------------------------------------------------------------
== make all ;
 in /home/dave/ghc-BUILD/ghc-HEAD-BUILD/nofib/parallel/mandel
------------------------------------------------------------------------
HC = /home/dave/ghc-BUILD/ghc-HEAD-BUILD/inplace/bin/ghc-stage2
HC_OPTS = -H32m -O -O -Rghc-timing -H32m -hisuf hi -package parallel
RUNTEST_OPTS = -ghc-timing -2.0 -2.0 2.0 2.0 1024 1024 256
==nofib== mandel: time to compile PortablePixmap follows...
/home/dave/ghc-BUILD/ghc-HEAD-BUILD/inplace/bin/ghc-stage2 -H32m -O -O -Rghc-timing -H32m -hisuf hi -package parallel -c PortablePixmap.lhs -o PortablePixmap.o
==nofib== mandel: size of PortablePixmap.o follows...
   text	   data	    bss	    dec	    hex	filename
   5360	    464	      0	   5824	   16c0	PortablePixmap.o
==nofib== mandel: time to compile Mandel follows...
/home/dave/ghc-BUILD/ghc-HEAD-BUILD/inplace/bin/ghc-stage2 -H32m -O -O -Rghc-timing -H32m -hisuf hi -package parallel -c Mandel.lhs -o Mandel.o
==nofib== mandel: size of Mandel.o follows...
   text	   data	    bss	    dec	    hex	filename
  11333	    392	      0	  11725	   2dcd	Mandel.o
==nofib== mandel: time to compile Main follows...
/home/dave/ghc-BUILD/ghc-HEAD-BUILD/inplace/bin/ghc-stage2 -H32m -O -O -Rghc-timing -H32m -hisuf hi -package parallel -c Main.lhs -o Main.o
==nofib== mandel: size of Main.o follows...
   text	   data	    bss	    dec	    hex	filename
   3977	    576	      0	   4553	   11c9	Main.o
==nofib== mandel: time to link mandel follows...
==nofib== mandel: size of mandel follows...
   text	   data	    bss	    dec	    hex	filename
 794783	  44880	  47112	 886775	  d87f7	mandel
==nofib== mandel: time to run mandel follows...
/usr/bin/time ../../runstdtest/runstdtest ./mandel  -o1 mandel.stdout -o1 mandel.stdout  -ghc-timing  -2.0 -2.0 2.0 2.0 1024 1024 256    ;
------------------------------------------------------------------------
== Recursively making `all' for ways: p ...
PWD = /home/dave/ghc-BUILD/ghc-HEAD-BUILD/nofib/parallel/mandel
------------------------------------------------------------------------
case '- --no-print-directory' in *-[ik]*) x_on_err=0;; *-r*[ik]*) x_on_err=0;; *) x_on_err=1;; esac; \
	for i in p ; do \
	  echo "------------------------------------------------------------------------"; \
	  echo "== make way=$i all;"; \
	  echo "PWD = /home/dave/ghc-BUILD/ghc-HEAD-BUILD/nofib/parallel/mandel"; \
	  echo "------------------------------------------------------------------------"; \
	  make way=$i --no-print-directory - --no-print-directory all ; \
	  if [ $? -eq 0 ] ; then true; else exit $x_on_err; fi; \
	done
------------------------------------------------------------------------
== make way=p all;
PWD = /home/dave/ghc-BUILD/ghc-HEAD-BUILD/nofib/parallel/mandel
------------------------------------------------------------------------
HC = /home/dave/ghc-BUILD/ghc-HEAD-BUILD/inplace/bin/ghc-stage2
HC_OPTS = -H32m -O -O -Rghc-timing -H32m -hisuf hi -package parallel -hisuf hi -hcsuf hc -osuf o
RUNTEST_OPTS = -ghc-timing -2.0 -2.0 2.0 2.0 1024 1024 256
==nofib== mandel: size of mandel follows...
   text	   data	    bss	    dec	    hex	filename
 794783	  44880	  47112	 886775	  d87f7	mandel
==nofib== mandel: time to run mandel follows...
/usr/bin/time ../../runstdtest/runstdtest ./mandel  -o1 mandel.stdout -o1 mandel.stdout  -ghc-timing  -2.0 -2.0 2.0 2.0 1024 1024 256    ;
------------------------------------------------------------------------
== Finished recursively making `all' for ways: p ...
PWD = /home/dave/ghc-BUILD/ghc-HEAD-BUILD/nofib/parallel/mandel
------------------------------------------------------------------------
Finished making all in mandel: 0
------------------------------------------------------------------------
== Finished making `all' in parfib partree sumeuler matmult ray gray prsa mandel ...
PWD = /home/dave/ghc-BUILD/ghc-HEAD-BUILD/nofib/parallel
------------------------------------------------------------------------
